<?xml version='1.0' encoding='utf-8'?>
<testsuites><testsuite name="portable-upstream-module-shards" tests="65" failures="1" errors="0" skipped="0" time="1.734000"><testcase classname="tests._src.robot.kinematics.test_kinematics_extended" name="test_cuda_robot_model_single_joint_position" time="0.524" /><testcase classname="tests._src.robot.kinematics.test_kinematics_extended" name="test_cuda_robot_model_batch_size_update" time="0.111" /><testcase classname="tests._src.robot.kinematics.test_kinematics_extended" name="test_cuda_robot_model_property_getters" time="0.019" /><testcase classname="tests._src.robot.kinematics.test_kinematics_extended" name="test_cuda_robot_model_compute_flags" time="0.034" /><testcase classname="tests._src.robot.kinematics.test_kinematics_extended" name="test_cuda_robot_model_forward_alias" time="0.036" /><testcase classname="tests._src.robot.kinematics.test_kinematics_extended" name="test_cuda_robot_model_gradients_enabled" time="0.043" /><testcase classname="tests._src.robot.kinematics.test_kinematics_extended" name="test_cuda_robot_model_default_joint_position" time="0.013" /><testcase classname="tests._src.robot.kinematics.test_kinematics_extended" name="test_cuda_robot_model_cspace" time="0.020" /><testcase classname="tests._src.robot.kinematics.test_kinematics_extended" name="test_cuda_robot_model_self_collision_config" time="0.013" /><testcase classname="tests._src.robot.kinematics.test_kinematics_extended" name="test_cuda_robot_model_different_batch_sizes[1]" time="0.026" /><testcase classname="tests._src.robot.kinematics.test_kinematics_extended" name="test_cuda_robot_model_different_batch_sizes[10]" time="0.026" /><testcase classname="tests._src.robot.kinematics.test_kinematics_extended" name="test_cuda_robot_model_different_batch_sizes[100]" time="0.033" /><testcase classname="tests._src.robot.kinematics.test_kinematics_extended" name="test_cuda_robot_model_zero_configuration" time="0.026" /><testcase classname="tests._src.robot.kinematics.test_kinematics_extended" name="test_cuda_robot_model_random_configurations" time="0.040" /><testcase classname="tests._src.robot.kinematics.test_kinematics_extended" name="test_cuda_robot_model_link_names_consistency" time="0.022" /><testcase classname="tests._src.robot.kinematics.test_kinematics_extended" name="test_cuda_robot_model_spheres_format" time="0.036" /><testcase classname="tests._src.robot.kinematics.test_kinematics_extended" name="test_cuda_robot_model_link_pose_access" time="0.022" /><testcase classname="tests._src.robot.kinematics.test_kinematics_extended" name="test_cuda_robot_model_jacobian_shape" time="0.025" /><testcase classname="tests._src.robot.kinematics.test_kinematics_extended" name="test_cuda_robot_model_com_computation" time="0.021" /><testcase classname="tests._src.robot.kinematics.test_kinematics_extended" name="test_cuda_robot_model_different_robots[franka.yml-panda_hand]" time="0.067" /><testcase classname="tests._src.robot.kinematics.test_kinematics_extended" name="test_cuda_robot_model_different_robots[ur10e.yml-tool0]" time="0.065" /><testcase classname="tests._src.robot.kinematics.test_kinematics_extended" name="test_cuda_robot_model_update_batch_size_force" time="0.036" /><testcase classname="tests._src.robot.kinematics.test_kinematics_extended" name="test_cuda_robot_model_cuda_device_cfg" time="0.029" /><testcase classname="tests._src.robot.kinematics.test_kinematics_extended" name="test_cuda_robot_model_invalid_batch_size_zero" time="0.012" /><testcase classname="tests._src.robot.kinematics.test_kinematics_extended" name="test_cuda_robot_model_invalid_joint_dims_3d" time="0.032" /><testcase classname="tests._src.robot.kinematics.test_kinematics_extended" name="test_cuda_robot_model_invalid_dof_mismatch" time="0.010" /><testcase classname="tests._src.robot.kinematics.test_kinematics_extended" name="test_cuda_robot_model_base_link_property" time="0.011" /><testcase classname="tests._src.robot.kinematics.test_kinematics_extended" name="test_cuda_robot_model_robot_spheres_property" time="0.011" /><testcase classname="tests._src.robot.kinematics.test_kinematics_extended" name="test_cuda_robot_model_all_articulated_joint_names" time="0.011" /><testcase classname="tests._src.robot.kinematics.test_kinematics_extended" name="test_cuda_robot_model_total_spheres" time="0.011" /><testcase classname="tests._src.robot.kinematics.test_kinematics_extended" name="test_cuda_robot_model_lock_jointstate" time="0.011" /><testcase classname="tests._src.robot.kinematics.test_kinematics_extended" name="test_cuda_robot_model_default_joint_state" time="0.011" /><testcase classname="tests._src.robot.kinematics.test_kinematics_extended" name="test_cuda_robot_model_compute_kinematics_from_joint_state" time="0.019" /><testcase classname="tests._src.robot.kinematics.test_kinematics_extended" name="test_cuda_robot_model_get_link_poses" time="0.019" /><testcase classname="tests._src.robot.kinematics.test_kinematics_extended" name="test_cuda_robot_model_get_robot_as_spheres" time="0.033" /><testcase classname="tests._src.robot.kinematics.test_kinematics_extended" name="test_cuda_robot_model_dof_property" time="0.013" /><testcase classname="tests._src.robot.kinematics.test_kinematics_extended" name="test_cuda_robot_model_get_full_js" time="0.014" /><testcase classname="tests._src.robot.kinematics.test_kinematics_extended" name="test_cuda_robot_model_get_mimic_js" time="0.013" /><testcase classname="tests._src.robot.kinematics.test_kinematics_extended" name="test_cuda_robot_model_get_active_js" time="0.012" /><testcase classname="tests._src.robot.kinematics.test_kinematics_extended" name="test_cuda_robot_model_compute_kinematics" time="0.022" /><testcase classname="tests._src.robot.kinematics.test_kinematics_extended" name="test_cuda_robot_model_compute_kinematics_from_joint_position" time="0.022" /><testcase classname="tests._src.robot.kinematics.test_kinematics_extended" name="test_cuda_robot_model_get_link_transform" time="0.015" /><testcase classname="tests._src.robot.kinematics.test_kinematics_extended" name="test_cuda_robot_model_get_all_link_transforms" time="0.017" /><testcase classname="tests._src.robot.kinematics.test_kinematics_extended" name="test_cuda_robot_model_update_kinematics_config" time="0.024" /><testcase classname="tests._src.robot.kinematics.test_kinematics_extended" name="test_cuda_robot_model_get_robot_link_meshes" time="0.013" /><testcase classname="tests._src.robot.kinematics.test_kinematics_extended" name="test_cuda_robot_model_get_robot_as_mesh" time="0.046" /><testcase classname="tests._src.robot.kinematics.test_kinematics_extended" name="test_cuda_robot_model_get_link_mesh" time="0.011" /><testcase classname="tests._src.robot.kinematics.test_kinematics_extended" name="test_cuda_robot_model_compute_kinematics_consistency" time="0.029" /><testcase classname="tests._src.types.test_device_cfg.TestDeviceCfg" name="test_default_initialization" time="0.000" /><testcase classname="tests._src.types.test_device_cfg.TestDeviceCfg" name="test_initialization_with_cpu" time="0.000" /><testcase classname="tests._src.types.test_device_cfg.TestDeviceCfg" name="test_initialization_with_cuda" time="0.000" /><testcase classname="tests._src.types.test_device_cfg.TestDeviceCfg" name="test_initialization_with_string_device" time="0.000" /><testcase classname="tests._src.types.test_device_cfg.TestDeviceCfg" name="test_initialization_with_float64" time="0.000" /><testcase classname="tests._src.types.test_device_cfg.TestDeviceCfg" name="test_from_basic_cpu" time="0.000" /><testcase classname="tests._src.types.test_device_cfg.TestDeviceCfg" name="test_from_basic_cuda" time="0.000" /><testcase classname="tests._src.types.test_device_cfg.TestDeviceCfg" name="test_to_device_with_torch_tensor" time="0.000" /><testcase classname="tests._src.types.test_device_cfg.TestDeviceCfg" name="test_to_device_with_numpy_array" time="0.001" /><testcase classname="tests._src.types.test_device_cfg.TestDeviceCfg" name="test_to_device_with_list" time="0.000" /><testcase classname="tests._src.types.test_device_cfg.TestDeviceCfg" name="test_to_int8_device" time="0.000" /><testcase classname="tests._src.types.test_device_cfg.TestDeviceCfg" name="test_cpu" time="0.000"><failure message="TypeError: MPS compatibility types support only float32">self = &lt;tests._src.types.test_device_cfg.TestDeviceCfg object at 0x110779550&gt;

    def test_cpu(self):
        """Test creating CPU version of DeviceCfg."""
&gt;       cfg = DeviceCfg(device=torch.device('mps', 0), dtype=torch.float64)
              ^^^^^^^^^^^^^^^^^^^^^^^^^^^^^^^^^^^^^^^^^^^^^^^^^^^^^^^^^^^^^

tests/_src/types/test_device_cfg.py:99: 
_ _ _ _ _ _ _ _ _ _ _ _ _ _ _ _ _ _ _ _ _ _ _ _ _ _ _ _ _ _ _ _ _ _ _ _ _ _ _ _ 
&lt;string&gt;:8: in __init__
    ???
_ _ _ _ _ _ _ _ _ _ _ _ _ _ _ _ _ _ _ _ _ _ _ _ _ _ _ _ _ _ _ _ _ _ _ _ _ _ _ _ 

self = DeviceCfg(device=device(type='mps', index=0), dtype=torch.float64, collision_geometry_dtype=torch.float32, collision_gradient_dtype=torch.float32, collision_distance_dtype=torch.float32)

    def __post_init__(self):
        if isinstance(self.device, str):
            object.__setattr__(self, "device", torch.device(self.device))
        if self.device.type == "mps" and self.dtype != torch.float32:
&gt;           raise TypeError("MPS compatibility types support only float32")
E           TypeError: MPS compatibility types support only float32

/tmp/curobo-release-gauntlet/lib/python3.13/site-packages/curobo/_src/types/device_cfg.py:46: TypeError</failure></testcase><testcase classname="tests._src.types.test_device_cfg.TestDeviceCfg" name="test_as_torch_dict" time="0.000" /><testcase classname="tests._src.types.test_device_cfg.TestDeviceCfg" name="test_collision_dtypes" time="0.000" /><testcase classname="tests._src.types.test_device_cfg.TestDeviceCfg" name="test_frozen_dataclass" time="0.000" /><testcase classname="tests._src.types.test_device_cfg.TestDeviceCfg" name="test_to_device_preserves_data" time="0.004" /><testcase classname="tests._src.types.test_device_cfg.TestDeviceCfg" name="test_as_torch_dict_usage" time="0.000" /></testsuite></testsuites>