<?xml version='1.0' encoding='utf-8'?>
<testsuites><testsuite name="portable-upstream-module-shards" tests="45" failures="0" errors="0" skipped="0" time="297.348000"><testcase classname="tests._src.solver.test_solver_ik.TestIKSolverCfgCreate" name="test_create_creates_config" time="0.197" /><testcase classname="tests._src.solver.test_solver_ik.TestIKSolverCfgCreate" name="test_create_sets_num_seeds" time="0.053" /><testcase classname="tests._src.solver.test_solver_ik.TestIKSolverCfgCreate" name="test_create_sets_tolerances" time="0.055" /><testcase classname="tests._src.solver.test_solver_ik.TestIKSolverCfgCreate" name="test_create_default_lm_ik" time="0.051" /><testcase classname="tests._src.solver.test_solver_ik.TestIKSolverCfgCreate" name="test_create_batch_config" time="0.046" /><testcase classname="tests._src.solver.test_solver_ik.TestIKSolverInitialization" name="test_init_with_config" time="0.065" /><testcase classname="tests._src.solver.test_solver_ik.TestIKSolverInitialization" name="test_init_creates_components" time="0.022" /><testcase classname="tests._src.solver.test_solver_ik.TestIKSolverInitialization" name="test_init_without_lm_ik" time="0.068" /><testcase classname="tests._src.solver.test_solver_ik.TestIKSolverInitialization" name="test_multi_link_ik_uses_additional_lm_seeds" time="0.140" /><testcase classname="tests._src.solver.test_solver_ik.TestIKSolverProperties" name="test_action_dim_property" time="0.023" /><testcase classname="tests._src.solver.test_solver_ik.TestIKSolverProperties" name="test_kinematics_property" time="0.000" /><testcase classname="tests._src.solver.test_solver_ik.TestIKSolverProperties" name="test_default_joint_position_property" time="0.000" /><testcase classname="tests._src.solver.test_solver_ik.TestIKSolverProperties" name="test_default_joint_state_property" time="0.000" /><testcase classname="tests._src.solver.test_solver_ik.TestIKSolverProperties" name="test_joint_names_property" time="0.000" /><testcase classname="tests._src.solver.test_solver_ik.TestIKSolverSolvePose" name="test_solve_pose_returns_result" time="4.665" /><testcase classname="tests._src.solver.test_solver_ik.TestIKSolverSolvePose" name="test_solve_pose_result_fields" time="3.835" /><testcase classname="tests._src.solver.test_solver_ik.TestIKSolverSolvePose" name="test_solve_pose_multiple_return_seeds" time="2.590" /><testcase classname="tests._src.solver.test_solver_ik.TestIKSolverSolvePose" name="test_solve_pose_with_tool_pose_input" time="3.166" /><testcase classname="tests._src.solver.test_solver_ik.TestIKSolverSolvePose" name="test_solve_pose_timing" time="2.922" /><testcase classname="tests._src.solver.test_solver_ik.TestIKSolverSolvePose" name="test_solve_pose_js_solution" time="4.835" /><testcase classname="tests._src.solver.test_solver_ik.TestIKSolverSolvePose" name="test_solve_pose_run_optimizer_false" time="0.012" /><testcase classname="tests._src.solver.test_solver_ik.TestIKSolverSolvePoseBatch" name="test_solve_pose_batch" time="4.961" /><testcase classname="tests._src.solver.test_solver_ik.TestIKSolverSolvePoseBatch" name="test_solve_pose_batch_run_optimizer_false" time="0.092" /><testcase classname="tests._src.solver.test_solver_ik.TestIKSolverSolvePoseBatchEnv" name="test_solve_pose_multi_env" time="4.788" /><testcase classname="tests._src.solver.test_solver_ik.TestIKSolverVariableBatchSize" name="test_solve_pose_fewer_than_max" time="4.903" /><testcase classname="tests._src.solver.test_solver_ik.TestIKSolverVariableBatchSize" name="test_solve_pose_single_problem_ibatch_size_solver" time="5.282" /><testcase classname="tests._src.solver.test_solver_ik.TestIKSolverSolvePoseGoalset" name="test_solve_pose_goalset" time="4.592" /><testcase classname="tests._src.solver.test_solver_ik.TestIKSolverSolvePoseGoalset" name="test_solve_pose_goalset_with_return_seeds" time="2.336" /><testcase classname="tests._src.solver.test_solver_ik.TestIKSolverResetSeed" name="test_reset_seed_no_error" time="0.000" /><testcase classname="tests._src.solver.test_solver_ik.TestIKSolverGetUniqueSolution" name="test_get_unique_solution" time="4.190" /><testcase classname="tests._src.solver.test_solver_ik.TestIKSolverProblemBatchSize" name="test_problem_batch_size_after_solve" time="3.575" /><testcase classname="tests._src.solver.test_solver_ik.TestIKSolverUpdateWorld" name="test_update_world_method_exists" time="0.000" /><testcase classname="tests._src.motion.test_motion_retargeter.TestMotionRetargeterIK" name="test_joint_names" time="1.211" /><testcase classname="tests._src.motion.test_motion_retargeter.TestMotionRetargeterIK" name="test_solve_frame_first_call" time="14.519" /><testcase classname="tests._src.motion.test_motion_retargeter.TestMotionRetargeterIK" name="test_solve_frame_subsequent_call" time="20.882" /><testcase classname="tests._src.motion.test_motion_retargeter.TestMotionRetargeterIK" name="test_solve_sequence" time="42.753" /><testcase classname="tests._src.motion.test_motion_retargeter.TestMotionRetargeterIK" name="test_solve_sequence_resets_state" time="56.132" /><testcase classname="tests._src.motion.test_motion_retargeter.TestMotionRetargeterIK" name="test_batch_size_mismatch_raises" time="0.000" /><testcase classname="tests._src.motion.test_motion_retargeter.TestMotionRetargeterIK" name="test_sequence_batch_mismatch_raises" time="0.000" /><testcase classname="tests._src.motion.test_motion_retargeter.TestMotionRetargeterIK" name="test_reset_clears_state" time="13.491" /><testcase classname="tests._src.motion.test_motion_retargeter.TestMotionRetargeterMPC" name="test_solve_frame_mpc_first_frame" time="14.583" /><testcase classname="tests._src.motion.test_motion_retargeter.TestMotionRetargeterMPC" name="test_solve_frame_mpc_returns_trajectory" time="25.702" /><testcase classname="tests._src.motion.test_motion_retargeter.TestMotionRetargeterMPC" name="test_solve_sequence_mpc" time="50.610" /><testcase classname="tests._src.motion.test_motion_retargeter.TestRetargetResult" name="test_ik_result_no_trajectory" time="0.000" /><testcase classname="tests._src.motion.test_motion_retargeter.TestRetargetResult" name="test_mpc_result_with_trajectory" time="0.001" /></testsuite></testsuites>