<?xml version='1.0' encoding='utf-8'?>
<testsuites><testsuite name="portable-upstream-module-shards" tests="2852" failures="46" errors="0" skipped="59" time="1461.424000"><testcase classname="tests._src.collision.test_collision_robot_scene.TestRobotSceneCollisionCfg" name="test_import" time="0.000" /><testcase classname="tests._src.collision.test_collision_robot_scene.TestRobotSceneCollisionCfg" name="test_load_from_config_robot_only" time="0.231" /><testcase classname="tests._src.collision.test_collision_robot_scene.TestRobotSceneCollision" name="test_import" time="0.000" /><testcase classname="tests._src.collision.test_collision_robot_scene.TestRobotSceneCollision" name="test_instantiation" time="0.111" /><testcase classname="tests._src.collision.test_collision_robot_scene.TestRobotSceneCollision" name="test_get_kinematics" time="0.098" /><testcase classname="tests._src.collision.test_collision_robot_scene.TestRobotSceneCollision" name="test_get_kinematics_1d_raises" time="0.000" /><testcase classname="tests._src.collision.test_collision_robot_scene.TestRobotSceneCollision" name="test_get_kinematics_2d_raises" time="0.000" /><testcase classname="tests._src.collision.test_collision_robot_scene.TestRobotSceneCollision" name="test_scene_self_collision_from_2d_joints_raises" time="0.000" /><testcase classname="tests._src.collision.test_collision_robot_scene.TestRobotSceneCollision" name="test_get_self_collision_distance" time="0.168" /><testcase classname="tests._src.collision.test_collision_robot_scene.TestRobotSceneCollision" name="test_scene_collision_query_from_loaded_scene" time="0.200" /><testcase classname="tests._src.collision.test_collision_robot_scene.TestRobotSceneCollision" name="test_get_bound" time="0.004" /><testcase classname="tests._src.collision.test_collision_robot_scene.TestRobotSceneCollision" name="test_validate" time="0.018" /><testcase classname="tests._src.collision.test_collision_robot_scene.TestRobotSceneCollision" name="test_sample" time="0.000" /><testcase classname="tests._src.collision.test_collision_robot_scene.TestRobotSceneCollision" name="test_link_names_property" time="0.000" /><testcase classname="tests._src.collision.test_mesh_collision_sdf" name="test_small_mesh_collision_cost_matches_cuboid" time="0.185" /><testcase classname="tests._src.cost.test_cost_base.TestBaseCostCfg" name="test_init_with_float_weight[cpu]" time="0.001" /><testcase classname="tests._src.cost.test_cost_base.TestBaseCostCfg" name="test_init_with_float_weight[mps:0]" time="0.047" /><testcase classname="tests._src.cost.test_cost_base.TestBaseCostCfg" name="test_init_with_list_weight[cpu]" time="0.000" /><testcase classname="tests._src.cost.test_cost_base.TestBaseCostCfg" name="test_init_with_list_weight[mps:0]" time="0.005" /><testcase classname="tests._src.cost.test_cost_base.TestBaseCostCfg" name="test_init_with_tensor_weight[cpu]" time="0.000" /><testcase classname="tests._src.cost.test_cost_base.TestBaseCostCfg" name="test_init_with_tensor_weight[mps:0]" time="0.000" /><testcase classname="tests._src.cost.test_cost_base.TestBaseCostCfg" name="test_init_with_int_weight_raises_error[cpu]" time="0.000" /><testcase classname="tests._src.cost.test_cost_base.TestBaseCostCfg" name="test_init_with_int_weight_raises_error[mps:0]" time="0.000" /><testcase classname="tests._src.cost.test_cost_base.TestBaseCostCfg" name="test_default_class_type[cpu]" time="0.000" /><testcase classname="tests._src.cost.test_cost_base.TestBaseCostCfg" name="test_default_class_type[mps:0]" time="0.001" /><testcase classname="tests._src.cost.test_cost_base.TestBaseCostCfg" name="test_default_convert_to_binary[cpu]" time="0.000" /><testcase classname="tests._src.cost.test_cost_base.TestBaseCostCfg" name="test_default_convert_to_binary[mps:0]" time="0.000" /><testcase classname="tests._src.cost.test_cost_base.TestBaseCostCfg" name="test_default_use_grad_input[cpu]" time="0.000" /><testcase classname="tests._src.cost.test_cost_base.TestBaseCostCfg" name="test_default_use_grad_input[mps:0]" time="0.000" /><testcase classname="tests._src.cost.test_cost_base.TestBaseCostCfg" name="test_clone[cpu]" time="0.000" /><testcase classname="tests._src.cost.test_cost_base.TestBaseCostCfg" name="test_clone[mps:0]" time="0.001" /><testcase classname="tests._src.cost.test_cost_base.TestBaseCost" name="test_init[cpu]" time="0.000" /><testcase classname="tests._src.cost.test_cost_base.TestBaseCost" name="test_init[mps:0]" time="0.001" /><testcase classname="tests._src.cost.test_cost_base.TestBaseCost" name="test_setup_batch_tensors[cpu]" time="0.000" /><testcase classname="tests._src.cost.test_cost_base.TestBaseCost" name="test_setup_batch_tensors[mps:0]" time="0.001" /><testcase classname="tests._src.cost.test_cost_base.TestBaseCost" name="test_setup_batch_tensors_no_change_on_same_values[cpu]" time="0.000" /><testcase classname="tests._src.cost.test_cost_base.TestBaseCost" name="test_setup_batch_tensors_no_change_on_same_values[mps:0]" time="0.001" /><testcase classname="tests._src.cost.test_cost_base.TestBaseCost" name="test_disable_cost[cpu]" time="0.000" /><testcase classname="tests._src.cost.test_cost_base.TestBaseCost" name="test_disable_cost[mps:0]" time="0.001" /><testcase classname="tests._src.cost.test_cost_base.TestBaseCost" name="test_disable_cost_idempotent[cpu]" time="0.000" /><testcase classname="tests._src.cost.test_cost_base.TestBaseCost" name="test_disable_cost_idempotent[mps:0]" time="0.001" /><testcase classname="tests._src.cost.test_cost_base.TestBaseCost" name="test_enable_cost[cpu]" time="0.000" /><testcase classname="tests._src.cost.test_cost_base.TestBaseCost" name="test_enable_cost[mps:0]" time="0.001" /><testcase classname="tests._src.cost.test_cost_base.TestBaseCost" name="test_enable_cost_idempotent[cpu]" time="0.000" /><testcase classname="tests._src.cost.test_cost_base.TestBaseCost" name="test_enable_cost_idempotent[mps:0]" time="0.001" /><testcase classname="tests._src.cost.test_cost_base.TestBaseCost" name="test_enable_cost_with_zero_weight_stays_disabled[cpu]" time="0.000" /><testcase classname="tests._src.cost.test_cost_base.TestBaseCost" name="test_enable_cost_with_zero_weight_stays_disabled[mps:0]" time="0.001" /><testcase classname="tests._src.cost.test_cost_base.TestBaseCost" name="test_update_dt[cpu]" time="0.000" /><testcase classname="tests._src.cost.test_cost_base.TestBaseCost" name="test_update_dt[mps:0]" time="0.001" /><testcase classname="tests._src.cost.test_cost_base.TestBaseCost" name="test_update_dt_with_tensor[cpu]" time="0.000" /><testcase classname="tests._src.cost.test_cost_base.TestBaseCost" name="test_update_dt_with_tensor[mps:0]" time="0.001" /><testcase classname="tests._src.cost.test_cost_base.TestBaseCost" name="test_reset[cpu]" time="0.000" /><testcase classname="tests._src.cost.test_cost_base.TestBaseCost" name="test_reset[mps:0]" time="0.001" /><testcase classname="tests._src.cost.test_cost_base.TestBaseCost" name="test_forward_returns_zeros[cpu]" time="0.000" /><testcase classname="tests._src.cost.test_cost_base.TestBaseCost" name="test_forward_returns_zeros[mps:0]" time="0.001" /><testcase classname="tests._src.cost.test_cost_base.TestBaseCost" name="test_enabled_property[cpu]" time="0.000" /><testcase classname="tests._src.cost.test_cost_base.TestBaseCost" name="test_enabled_property[mps:0]" time="0.001" /><testcase classname="tests._src.cost.test_cost_base.TestBaseCost" name="test_init_with_zero_weight_disables_cost[cpu]" time="0.000" /><testcase classname="tests._src.cost.test_cost_base.TestBaseCost" name="test_init_with_zero_weight_disables_cost[mps:0]" time="0.001" /><testcase classname="tests._src.cost.test_cost_base.TestBaseCost" name="test_init_with_zero_vector_weight_disables_cost[cpu]" time="0.000" /><testcase classname="tests._src.cost.test_cost_base.TestBaseCost" name="test_init_with_zero_vector_weight_disables_cost[mps:0]" time="0.001" /><testcase classname="tests._src.cost.test_cost_base.TestBaseCost" name="test_init_with_mixed_weight_keeps_enabled[cpu]" time="0.000" /><testcase classname="tests._src.cost.test_cost_base.TestBaseCost" name="test_init_with_mixed_weight_keeps_enabled[mps:0]" time="0.001" /><testcase classname="tests._src.cost.test_cost_base.TestBaseCost" name="test_weight_copied_from_config[cpu]" time="0.000" /><testcase classname="tests._src.cost.test_cost_base.TestBaseCost" name="test_weight_copied_from_config[mps:0]" time="0.001" /><testcase classname="tests._src.cost.test_cost_cspace.TestCSpaceCostCfg" name="test_position_cost_type_init[mps:0]" time="0.059" /><testcase classname="tests._src.cost.test_cost_cspace.TestCSpaceCostCfg" name="test_state_cost_type_init[mps:0]" time="0.011" /><testcase classname="tests._src.cost.test_cost_cspace.TestCSpaceCostCfg" name="test_cost_type_from_string[mps:0]" time="0.008" /><testcase classname="tests._src.cost.test_cost_cspace.TestCSpaceCostCfg" name="test_none_cost_type_raises_error[mps:0]" time="0.004" /><testcase classname="tests._src.cost.test_cost_cspace.TestCSpaceCostCfg" name="test_position_wrong_weight_length_raises_error[mps:0]" time="0.004" /><testcase classname="tests._src.cost.test_cost_cspace.TestCSpaceCostCfg" name="test_position_wrong_activation_distance_length_raises_error[mps:0]" time="0.004" /><testcase classname="tests._src.cost.test_cost_cspace.TestCSpaceCostCfg" name="test_state_wrong_weight_length_raises_error[mps:0]" time="0.004" /><testcase classname="tests._src.cost.test_cost_cspace.TestCSpaceCostCfg" name="test_state_with_regularization_weight[mps:0]" time="0.009" /><testcase classname="tests._src.cost.test_cost_cspace.TestCSpaceCostCfg" name="test_cspace_target_weight_float[mps:0]" time="0.007" /><testcase classname="tests._src.cost.test_cost_cspace.TestCSpaceCostCfg" name="test_cspace_target_weight_list[mps:0]" time="0.007" /><testcase classname="tests._src.cost.test_cost_cspace.TestCSpaceCostCfg" name="test_set_bounds[mps:0]" time="0.010" /><testcase classname="tests._src.cost.test_cost_cspace.TestCSpaceCostCfg" name="test_set_bounds_teleport_mode_converts_state_to_position[mps:0]" time="0.010" /><testcase classname="tests._src.cost.test_cost_cspace.TestCSpaceCostCfg" name="test_update_dof[mps:0]" time="0.007" /><testcase classname="tests._src.cost.test_cost_cspace.TestCSpaceCostCfg" name="test_activation_distance_float_raises_error[mps:0]" time="0.003" /><testcase classname="tests._src.cost.test_cost_cspace.TestPositionCSpaceCost" name="test_init[mps:0]" time="0.007" /><testcase classname="tests._src.cost.test_cost_cspace.TestPositionCSpaceCost" name="test_init_wrong_cost_type_raises_error[mps:0]" time="0.009" /><testcase classname="tests._src.cost.test_cost_cspace.TestPositionCSpaceCost" name="test_setup_batch_tensors[mps:0]" time="0.007" /><testcase classname="tests._src.cost.test_cost_cspace.TestPositionCSpaceCost" name="test_forward[mps:0]" time="0.007" /><testcase classname="tests._src.cost.test_cost_cspace.TestPositionCSpaceCost" name="test_forward_with_out_of_bounds_position[mps:0]" time="0.007" /><testcase classname="tests._src.cost.test_cost_cspace.TestStateCSpaceCost" name="test_init[mps:0]" time="0.009" /><testcase classname="tests._src.cost.test_cost_cspace.TestStateCSpaceCost" name="test_init_wrong_cost_type_raises_error[mps:0]" time="0.007" /><testcase classname="tests._src.cost.test_cost_cspace.TestStateCSpaceCost" name="test_setup_batch_tensors[mps:0]" time="0.009" /><testcase classname="tests._src.cost.test_cost_cspace.TestStateCSpaceCost" name="test_forward[mps:0]" time="0.009" /><testcase classname="tests._src.cost.test_cost_cspace.TestStateCSpaceCost" name="test_forward_with_regularization[mps:0]" time="0.009" /><testcase classname="tests._src.cost.test_cost_cspace.TestCSpaceCostGradients" name="test_position_cspace_cost_gradient[mps:0]" time="0.085" /><testcase classname="tests._src.cost.test_cost_cspace.TestCSpaceCostGradients" name="test_position_cspace_cost_gradcheck[mps:0]" time="0.972" /><testcase classname="tests._src.cost.test_cost_cspace.TestCSpaceCostGradients" name="test_state_cspace_cost_gradient[mps:0]" time="0.011" /><testcase classname="tests._src.cost.test_cost_cspace.TestCSpaceCostGradients" name="test_state_cspace_cost_gradcheck[mps:0]" time="0.031" /><testcase classname="tests._src.cost.test_cost_cspace.TestBaseCSpaceCostValidateInput" name="test_validate_input_batch_size_mismatch[mps:0]" time="0.007" /><testcase classname="tests._src.cost.test_cost_cspace.TestBaseCSpaceCostValidateInput" name="test_validate_input_horizon_mismatch[mps:0]" time="0.006" /><testcase classname="tests._src.cost.test_cost_cspace.TestBaseCSpaceCostValidateInput" name="test_validate_input_dof_mismatch[mps:0]" time="0.007" /><testcase classname="tests._src.cost.test_cost_scene_collision.TestSceneCollisionCostCfg" name="test_default_init" time="1.436" /><testcase classname="tests._src.cost.test_cost_scene_collision.TestSceneCollisionCostCfg" name="test_init_with_scene_collision_checker" time="0.004" /><testcase classname="tests._src.cost.test_cost_scene_collision.TestSceneCollisionCostCfg" name="test_init_with_use_sweep" time="0.001" /><testcase classname="tests._src.cost.test_cost_scene_collision.TestSceneCollisionCostCfg" name="test_init_with_use_speed_metric" time="0.002" /><testcase classname="tests._src.cost.test_cost_scene_collision.TestSceneCollisionCostCfg" name="test_init_with_activation_distance" time="0.002" /><testcase classname="tests._src.cost.test_cost_scene_collision.TestSceneCollisionCostCfg" name="test_update_num_spheres" time="0.002" /><testcase classname="tests._src.cost.test_cost_scene_collision.TestSceneCollisionCost" name="test_init" time="0.001" /><testcase classname="tests._src.cost.test_cost_scene_collision.TestSceneCollisionCost" name="test_init_missing_scene_collision_checker_raises_error" time="0.002" /><testcase classname="tests._src.cost.test_cost_scene_collision.TestSceneCollisionCost" name="test_setup_batch_tensors" time="0.106" /><testcase classname="tests._src.cost.test_cost_scene_collision.TestSceneCollisionCost" name="test_forward_with_kinematics" time="0.205" /><testcase classname="tests._src.cost.test_cost_scene_collision.TestSceneCollisionCost" name="test_forward_default_joint_position" time="0.028" /><testcase classname="tests._src.cost.test_cost_scene_collision.TestSceneCollisionCost" name="test_validate_input_wrong_sphere_count" time="0.011" /><testcase classname="tests._src.cost.test_cost_scene_collision.TestSceneCollisionCost" name="test_update_num_spheres" time="0.001" /><testcase classname="tests._src.cost.test_cost_scene_collision.TestSceneCollisionCostWithDifferentScenes" name="test_empty_scene" time="0.022" /><testcase classname="tests._src.cost.test_cost_scene_collision.TestSceneCollisionCostWithDifferentScenes" name="test_multiple_obstacles" time="0.076" /><testcase classname="tests._src.cost.test_cost_scene_collision.TestSceneCollisionCostJITFunctions" name="test_jit_weight_distance" time="0.007" /><testcase classname="tests._src.cost.test_cost_scene_collision.TestSceneCollisionCostJITFunctions" name="test_jit_weight_collision" time="0.002" /><testcase classname="tests._src.cost.test_cost_scene_collision.TestSceneCollisionCostGradients" name="test_scene_collision_cost_gradient_buffer" time="0.076" /><testcase classname="tests._src.cost.test_cost_scene_collision.TestSceneCollisionCostGradients" name="test_scene_collision_cost_with_collision" time="0.034" /><testcase classname="tests._src.cost.test_cost_scene_collision.TestSceneCollisionCostGradients" name="test_scene_collision_cost_sweep_gradient" time="0.412" /><testcase classname="tests._src.cost.test_cost_self_collision.TestSelfCollisionCostCfg" name="test_default_init" time="0.237" /><testcase classname="tests._src.cost.test_cost_self_collision.TestSelfCollisionCostCfg" name="test_init_with_store_pair_distance" time="0.001" /><testcase classname="tests._src.cost.test_cost_self_collision.TestSelfCollisionCost" name="test_init" time="0.001" /><testcase classname="tests._src.cost.test_cost_self_collision.TestSelfCollisionCost" name="test_init_missing_self_collision_kin_config_raises_error" time="0.000" /><testcase classname="tests._src.cost.test_cost_self_collision.TestSelfCollisionCost" name="test_setup_batch_tensors" time="0.031" /><testcase classname="tests._src.cost.test_cost_self_collision.TestSelfCollisionCost" name="test_setup_batch_tensors_with_store_pair_distance" time="0.001" /><testcase classname="tests._src.cost.test_cost_self_collision.TestSelfCollisionCost" name="test_forward_with_kinematics" time="0.083" /><testcase classname="tests._src.cost.test_cost_self_collision.TestSelfCollisionCost" name="test_forward_default_joint_position_no_collision" time="0.025" /><testcase classname="tests._src.cost.test_cost_self_collision.TestSelfCollisionCost" name="test_validate_input_wrong_ndim" time="0.001" /><testcase classname="tests._src.cost.test_cost_self_collision.TestSelfCollisionCost" name="test_validate_input_wrong_batch_size" time="0.001" /><testcase classname="tests._src.cost.test_cost_self_collision.TestSelfCollisionCost" name="test_validate_input_wrong_horizon" time="0.001" /><testcase classname="tests._src.cost.test_cost_self_collision.TestSelfCollisionCost" name="test_validate_input_wrong_num_spheres" time="0.001" /><testcase classname="tests._src.cost.test_cost_self_collision.TestSelfCollisionCost" name="test_reset" time="0.001" /><testcase classname="tests._src.cost.test_cost_self_collision.TestSelfCollisionCost" name="test_convert_to_binary" time="0.016" /><testcase classname="tests._src.cost.test_cost_self_collision.TestSelfCollisionKinematicsCfg" name="test_num_spheres" time="0.000" /><testcase classname="tests._src.cost.test_cost_self_collision.TestSelfCollisionKinematicsCfg" name="test_collision_pairs" time="0.000" /><testcase classname="tests._src.cost.test_cost_self_collision.TestSelfCollisionKinematicsCfg" name="test_sphere_padding" time="0.000" /><testcase classname="tests._src.cost.test_cost_self_collision.TestSelfCollisionKinematicsCfg" name="test_num_blocks_per_batch" time="0.000" /><testcase classname="tests._src.cost.test_cost_self_collision.TestSelfCollisionKinematicsCfg" name="test_max_threads_per_block" time="0.000" /><testcase classname="tests._src.cost.test_cost_self_collision.TestSelfCollisionCostGradients" name="test_self_collision_cost_gradient_buffer" time="0.012" /><testcase classname="tests._src.cost.test_cost_self_collision.TestSelfCollisionCostGradients" name="test_self_collision_cost_forward_returns_tensor" time="0.013" /><testcase classname="tests._src.cost.test_cost_support_polygon.TestCostSupportPolygonCfg" name="test_default_init" time="0.000" /><testcase classname="tests._src.cost.test_cost_support_polygon.TestCostSupportPolygonCfg" name="test_init_with_foot_sphere_indices" time="0.000" /><testcase classname="tests._src.cost.test_cost_support_polygon.TestCostSupportPolygonCfg" name="test_init_with_foot_link_names" time="0.000" /><testcase classname="tests._src.cost.test_cost_support_polygon.TestCostSupportPolygonCfg" name="test_init_with_custom_inside_cost_weight" time="0.000" /><testcase classname="tests._src.cost.test_cost_support_polygon.TestCostSupportPolygon" name="test_init" time="0.000" /><testcase classname="tests._src.cost.test_cost_support_polygon.TestCostSupportPolygon" name="test_build_convex_hull" time="0.000" /><testcase classname="tests._src.cost.test_cost_support_polygon.TestCostSupportPolygon" name="test_build_convex_hull_with_padding" time="0.000" /><testcase classname="tests._src.cost.test_cost_support_polygon.TestCostSupportPolygon" name="test_forward_com_inside_polygon" time="0.001" /><testcase classname="tests._src.cost.test_cost_support_polygon.TestCostSupportPolygon" name="test_forward_com_outside_polygon" time="0.000" /><testcase classname="tests._src.cost.test_cost_support_polygon.TestCostSupportPolygon" name="test_forward_with_inside_cost_weight" time="0.000" /><testcase classname="tests._src.cost.test_cost_support_polygon.TestCostSupportPolygon" name="test_forward_different_batch_sizes" time="0.001" /><testcase classname="tests._src.cost.test_cost_support_polygon.TestCostSupportPolygon" name="test_forward_different_horizons" time="0.001" /><testcase classname="tests._src.cost.test_cost_support_polygon.TestCostSupportPolygonCuda" name="test_forward_cuda" time="0.107" /><testcase classname="tests._src.cost.test_cost_support_polygon.TestConvexPolygon2DHelper" name="test_build_convex_hull_square" time="0.000" /><testcase classname="tests._src.cost.test_cost_support_polygon.TestConvexPolygon2DHelper" name="test_build_convex_hull_triangle" time="0.000" /><testcase classname="tests._src.cost.test_cost_support_polygon.TestConvexPolygon2DHelper" name="test_compute_point_hull_distance_inside" time="0.000" /><testcase classname="tests._src.cost.test_cost_support_polygon.TestConvexPolygon2DHelper" name="test_compute_point_hull_distance_outside" time="0.000" /><testcase classname="tests._src.cost.test_cost_support_polygon.TestConvexPolygon2DHelper" name="test_compute_point_hull_distance_batched" time="0.000" /><testcase classname="tests._src.cost.test_cost_support_polygon.TestCostSupportPolygonGradients" name="test_support_polygon_gradient_com" time="0.001" /><testcase classname="tests._src.cost.test_cost_support_polygon.TestCostSupportPolygonGradients" name="test_support_polygon_gradcheck" time="0.104" /><testcase classname="tests._src.cost.test_cost_tool_pose.TestToolPoseCostCfg" name="test_default_init[mps:0]" time="0.119" /><testcase classname="tests._src.cost.test_cost_tool_pose.TestToolPoseCostCfg" name="test_init_with_tool_frames[mps:0]" time="0.002" /><testcase classname="tests._src.cost.test_cost_tool_pose.TestToolPoseCostCfg" name="test_set_tool_frames[mps:0]" time="0.001" /><testcase classname="tests._src.cost.test_cost_tool_pose.TestToolPoseCostCfg" name="test_clone[mps:0]" time="0.006" /><testcase classname="tests._src.cost.test_cost_tool_pose.TestToolPoseCostCfg" name="test_rotation_method_property[mps:0]" time="0.003" /><testcase classname="tests._src.cost.test_cost_tool_pose.TestToolPoseCost" name="test_init[mps:0]" time="0.002" /><testcase classname="tests._src.cost.test_cost_tool_pose.TestToolPoseCost" name="test_setup_batch_tensors[mps:0]" time="0.002" /><testcase classname="tests._src.cost.test_cost_tool_pose.TestToolPoseCost" name="test_forward_single_link[mps:0]" time="0.114" /><testcase classname="tests._src.cost.test_cost_tool_pose.TestToolPoseCost" name="test_forward_multiple_links[mps:0]" time="0.020" /><testcase classname="tests._src.cost.test_cost_tool_pose.TestToolPoseCost" name="test_forward_missing_poses_raises_error[mps:0]" time="0.003" /><testcase classname="tests._src.cost.test_cost_tool_pose.TestToolPoseCost" name="test_update_tool_pose_criteria[mps:0]" time="0.006" /><testcase classname="tests._src.cost.test_cost_tool_pose.TestToolPoseCost" name="test_use_lie_group[mps:0]" time="0.017" /><testcase classname="tests._src.cost.test_cost_tool_pose.TestToolPoseCostGradients" name="test_tool_pose_cost_gradient_position" time="0.023" /><testcase classname="tests._src.cost.test_cost_tool_pose.TestToolPoseCostGradients" name="test_tool_pose_cost_gradient_quaternion" time="0.019" /><testcase classname="tests._src.cost.test_cost_tool_pose.TestToolPoseCostGradients" name="test_tool_pose_cost_multiple_links_gradient" time="0.031" /><testcase classname="tests._src.geom.sdf.test_voxel_collision.TestVoxelDataCreation" name="test_create_from_scene_cfg" time="0.156" /><testcase classname="tests._src.geom.sdf.test_voxel_collision.TestVoxelDataCreation" name="test_create_from_voxel_grids" time="0.005" /><testcase classname="tests._src.geom.sdf.test_voxel_collision.TestVoxelDataCreation" name="test_feature_tensor_is_referenced" time="0.003" /><testcase classname="tests._src.geom.sdf.test_voxel_collision.TestVoxelDataCreation" name="test_params_contain_grid_dimensions" time="0.004" /><testcase classname="tests._src.geom.sdf.test_voxel_collision.TestVoxelDataWarp" name="test_to_warp_returns_struct" time="0.000"><skipped type="pytest.skip" message="CUDA required">/private/var/folders/bl/vb31sscj37930_m8hffp11lh0000gn/T/curobo-portable-upstream-qs61t8ui/tests/_src/geom/sdf/test_voxel_collision.py:638: CUDA required</skipped></testcase><testcase classname="tests._src.geom.sdf.test_voxel_collision.TestVoxelDataWarp" name="test_warp_fields_populated" time="0.000"><skipped type="pytest.skip" message="CUDA required">/private/var/folders/bl/vb31sscj37930_m8hffp11lh0000gn/T/curobo-portable-upstream-qs61t8ui/tests/_src/geom/sdf/test_voxel_collision.py:648: CUDA required</skipped></testcase><testcase classname="tests._src.geom.sdf.test_voxel_collision.TestVoxelCollisionKernelEmpty" name="test_sphere_in_free_space_zero_cost" time="0.000"><skipped type="pytest.skip" message="CUDA required">/private/var/folders/bl/vb31sscj37930_m8hffp11lh0000gn/T/curobo-portable-upstream-qs61t8ui/tests/_src/geom/sdf/test_voxel_collision.py:664: CUDA required</skipped></testcase><testcase classname="tests._src.geom.sdf.test_voxel_collision.TestVoxelCollisionKernelEmpty" name="test_multiple_spheres_in_free_space" time="0.000"><skipped type="pytest.skip" message="CUDA required">/private/var/folders/bl/vb31sscj37930_m8hffp11lh0000gn/T/curobo-portable-upstream-qs61t8ui/tests/_src/geom/sdf/test_voxel_collision.py:679: CUDA required</skipped></testcase><testcase classname="tests._src.geom.sdf.test_voxel_collision.TestVoxelCollisionKernelEmpty" name="test_sphere_outside_grid_zero_cost" time="0.000"><skipped type="pytest.skip" message="CUDA required">/private/var/folders/bl/vb31sscj37930_m8hffp11lh0000gn/T/curobo-portable-upstream-qs61t8ui/tests/_src/geom/sdf/test_voxel_collision.py:698: CUDA required</skipped></testcase><testcase classname="tests._src.geom.sdf.test_voxel_collision.TestVoxelCollisionKernelBox" name="test_sphere_inside_box_has_cost" time="0.000"><skipped type="pytest.skip" message="CUDA required">/private/var/folders/bl/vb31sscj37930_m8hffp11lh0000gn/T/curobo-portable-upstream-qs61t8ui/tests/_src/geom/sdf/test_voxel_collision.py:714: CUDA required</skipped></testcase><testcase classname="tests._src.geom.sdf.test_voxel_collision.TestVoxelCollisionKernelBox" name="test_sphere_far_from_box_zero_cost" time="0.000"><skipped type="pytest.skip" message="CUDA required">/private/var/folders/bl/vb31sscj37930_m8hffp11lh0000gn/T/curobo-portable-upstream-qs61t8ui/tests/_src/geom/sdf/test_voxel_collision.py:732: CUDA required</skipped></testcase><testcase classname="tests._src.geom.sdf.test_voxel_collision.TestVoxelCollisionKernelBox" name="test_sphere_near_surface_has_cost" time="0.000"><skipped type="pytest.skip" message="CUDA required">/private/var/folders/bl/vb31sscj37930_m8hffp11lh0000gn/T/curobo-portable-upstream-qs61t8ui/tests/_src/geom/sdf/test_voxel_collision.py:750: CUDA required</skipped></testcase><testcase classname="tests._src.geom.sdf.test_voxel_collision.TestVoxelCollisionKernelBox" name="test_gradient_nonzero_at_surface" time="0.000"><skipped type="pytest.skip" message="CUDA required">/private/var/folders/bl/vb31sscj37930_m8hffp11lh0000gn/T/curobo-portable-upstream-qs61t8ui/tests/_src/geom/sdf/test_voxel_collision.py:769: CUDA required</skipped></testcase><testcase classname="tests._src.geom.sdf.test_voxel_collision.TestVoxelCollisionKernelBox" name="test_inside_deeper_has_higher_cost" time="0.000"><skipped type="pytest.skip" message="CUDA required">/private/var/folders/bl/vb31sscj37930_m8hffp11lh0000gn/T/curobo-portable-upstream-qs61t8ui/tests/_src/geom/sdf/test_voxel_collision.py:788: CUDA required</skipped></testcase><testcase classname="tests._src.geom.sdf.test_voxel_collision.TestVoxelCollisionKernelBatch" name="test_batch_of_spheres" time="0.000"><skipped type="pytest.skip" message="CUDA required">/private/var/folders/bl/vb31sscj37930_m8hffp11lh0000gn/T/curobo-portable-upstream-qs61t8ui/tests/_src/geom/sdf/test_voxel_collision.py:819: CUDA required</skipped></testcase><testcase classname="tests._src.geom.sdf.test_voxel_collision.TestVoxelCollisionKernelBatch" name="test_horizon_dimension" time="0.000"><skipped type="pytest.skip" message="CUDA required">/private/var/folders/bl/vb31sscj37930_m8hffp11lh0000gn/T/curobo-portable-upstream-qs61t8ui/tests/_src/geom/sdf/test_voxel_collision.py:845: CUDA required</skipped></testcase><testcase classname="tests._src.geom.sdf.test_voxel_collision.TestVoxelCollisionUpdateFeatures" name="test_update_features_inplace" time="0.000"><skipped type="pytest.skip" message="CUDA required">/private/var/folders/bl/vb31sscj37930_m8hffp11lh0000gn/T/curobo-portable-upstream-qs61t8ui/tests/_src/geom/sdf/test_voxel_collision.py:875: CUDA required</skipped></testcase><testcase classname="tests._src.geom.sdf.test_voxel_collision.TestSweptVoxelCollisionFreeSpace" name="test_swept_horizon1_no_sweep" time="0.000"><skipped type="pytest.skip" message="CUDA required">/private/var/folders/bl/vb31sscj37930_m8hffp11lh0000gn/T/curobo-portable-upstream-qs61t8ui/tests/_src/geom/sdf/test_voxel_collision.py:906: CUDA required</skipped></testcase><testcase classname="tests._src.geom.sdf.test_voxel_collision.TestSweptVoxelCollisionFreeSpace" name="test_swept_horizon2_minimal_sweep" time="0.000"><skipped type="pytest.skip" message="CUDA required">/private/var/folders/bl/vb31sscj37930_m8hffp11lh0000gn/T/curobo-portable-upstream-qs61t8ui/tests/_src/geom/sdf/test_voxel_collision.py:919: CUDA required</skipped></testcase><testcase classname="tests._src.geom.sdf.test_voxel_collision.TestSweptVoxelCollisionFreeSpace" name="test_swept_free_space_zero_cost" time="0.000"><skipped type="pytest.skip" message="CUDA required">/private/var/folders/bl/vb31sscj37930_m8hffp11lh0000gn/T/curobo-portable-upstream-qs61t8ui/tests/_src/geom/sdf/test_voxel_collision.py:936: CUDA required</skipped></testcase><testcase classname="tests._src.geom.sdf.test_voxel_collision.TestSweptVoxelCollisionFreeSpace" name="test_swept_outside_grid_zero_cost" time="0.000"><skipped type="pytest.skip" message="CUDA required">/private/var/folders/bl/vb31sscj37930_m8hffp11lh0000gn/T/curobo-portable-upstream-qs61t8ui/tests/_src/geom/sdf/test_voxel_collision.py:955: CUDA required</skipped></testcase><testcase classname="tests._src.geom.sdf.test_voxel_collision.TestSweptVoxelCollisionBox" name="test_swept_through_box_has_cost" time="0.000"><skipped type="pytest.skip" message="CUDA required">/private/var/folders/bl/vb31sscj37930_m8hffp11lh0000gn/T/curobo-portable-upstream-qs61t8ui/tests/_src/geom/sdf/test_voxel_collision.py:975: CUDA required</skipped></testcase><testcase classname="tests._src.geom.sdf.test_voxel_collision.TestSweptVoxelCollisionBox" name="test_swept_detects_intermediate_collision" time="0.000"><skipped type="pytest.skip" message="CUDA required">/private/var/folders/bl/vb31sscj37930_m8hffp11lh0000gn/T/curobo-portable-upstream-qs61t8ui/tests/_src/geom/sdf/test_voxel_collision.py:1002: CUDA required</skipped></testcase><testcase classname="tests._src.geom.sdf.test_voxel_collision.TestSweptVoxelCollisionBox" name="test_swept_stationary_matches_static" time="0.000"><skipped type="pytest.skip" message="CUDA required">/private/var/folders/bl/vb31sscj37930_m8hffp11lh0000gn/T/curobo-portable-upstream-qs61t8ui/tests/_src/geom/sdf/test_voxel_collision.py:1038: CUDA required</skipped></testcase><testcase classname="tests._src.geom.sdf.test_voxel_collision.TestSweptVoxelCollisionBox" name="test_swept_gradient_nonzero_on_collision" time="0.000"><skipped type="pytest.skip" message="CUDA required">/private/var/folders/bl/vb31sscj37930_m8hffp11lh0000gn/T/curobo-portable-upstream-qs61t8ui/tests/_src/geom/sdf/test_voxel_collision.py:1067: CUDA required</skipped></testcase><testcase classname="tests._src.geom.sdf.test_voxel_collision.TestSweptVoxelCollisionBox" name="test_swept_far_from_box_zero_cost" time="0.000"><skipped type="pytest.skip" message="CUDA required">/private/var/folders/bl/vb31sscj37930_m8hffp11lh0000gn/T/curobo-portable-upstream-qs61t8ui/tests/_src/geom/sdf/test_voxel_collision.py:1091: CUDA required</skipped></testcase><testcase classname="tests._src.geom.sdf.test_voxel_collision.TestSweptVoxelCollisionBatch" name="test_batch_swept_collision" time="0.000"><skipped type="pytest.skip" message="CUDA required">/private/var/folders/bl/vb31sscj37930_m8hffp11lh0000gn/T/curobo-portable-upstream-qs61t8ui/tests/_src/geom/sdf/test_voxel_collision.py:1116: CUDA required</skipped></testcase><testcase classname="tests._src.geom.sdf.test_voxel_collision.TestSweptVoxelCollisionBatch" name="test_multi_sphere_swept" time="0.000"><skipped type="pytest.skip" message="CUDA required">/private/var/folders/bl/vb31sscj37930_m8hffp11lh0000gn/T/curobo-portable-upstream-qs61t8ui/tests/_src/geom/sdf/test_voxel_collision.py:1150: CUDA required</skipped></testcase><testcase classname="tests._src.geom.sdf.test_voxel_collision.TestStandaloneComputeLocalSdf" name="test_sdf_with_grad_kernel_free_space" time="0.000"><skipped type="pytest.skip" message="CUDA required">/private/var/folders/bl/vb31sscj37930_m8hffp11lh0000gn/T/curobo-portable-upstream-qs61t8ui/tests/_src/geom/sdf/test_voxel_collision.py:1190: CUDA required</skipped></testcase><testcase classname="tests._src.geom.sdf.test_voxel_collision.TestStandaloneComputeLocalSdf" name="test_sdf_only_kernel_free_space" time="0.000"><skipped type="pytest.skip" message="CUDA required">/private/var/folders/bl/vb31sscj37930_m8hffp11lh0000gn/T/curobo-portable-upstream-qs61t8ui/tests/_src/geom/sdf/test_voxel_collision.py:1219: CUDA required</skipped></testcase><testcase classname="tests._src.geom.sdf.test_voxel_collision.TestStandaloneComputeLocalSdf" name="test_sdf_only_vs_with_grad_agree" time="0.000"><skipped type="pytest.skip" message="CUDA required">/private/var/folders/bl/vb31sscj37930_m8hffp11lh0000gn/T/curobo-portable-upstream-qs61t8ui/tests/_src/geom/sdf/test_voxel_collision.py:1248: CUDA required</skipped></testcase><testcase classname="tests._src.geom.sdf.test_voxel_collision.TestStandaloneComputeLocalSdf" name="test_sdf_only_kernel_many_points" time="0.000"><skipped type="pytest.skip" message="CUDA required">/private/var/folders/bl/vb31sscj37930_m8hffp11lh0000gn/T/curobo-portable-upstream-qs61t8ui/tests/_src/geom/sdf/test_voxel_collision.py:1291: CUDA required</skipped></testcase><testcase classname="tests._src.geom.sdf.test_voxel_collision.TestStandaloneComputeLocalSdf" name="test_both_sdf_functions_in_one_kernel" time="0.000"><skipped type="pytest.skip" message="CUDA required">/private/var/folders/bl/vb31sscj37930_m8hffp11lh0000gn/T/curobo-portable-upstream-qs61t8ui/tests/_src/geom/sdf/test_voxel_collision.py:1316: CUDA required</skipped></testcase><testcase classname="tests._src.geom.sdf.test_voxel_collision.TestStandaloneComputeLocalSdf" name="test_both_sdf_functions_many_points" time="0.000"><skipped type="pytest.skip" message="CUDA required">/private/var/folders/bl/vb31sscj37930_m8hffp11lh0000gn/T/curobo-portable-upstream-qs61t8ui/tests/_src/geom/sdf/test_voxel_collision.py:1355: CUDA required</skipped></testcase><testcase classname="tests._src.geom.sdf.test_voxel_collision.TestStandaloneComputeLocalSdf" name="test_sweep_pattern_kernel" time="0.000"><skipped type="pytest.skip" message="CUDA required">/private/var/folders/bl/vb31sscj37930_m8hffp11lh0000gn/T/curobo-portable-upstream-qs61t8ui/tests/_src/geom/sdf/test_voxel_collision.py:1382: CUDA required</skipped></testcase><testcase classname="tests._src.geom.sdf.test_voxel_collision.TestStandaloneComputeLocalSdf" name="test_full_sweep_replica_kernel" time="0.000"><skipped type="pytest.skip" message="Warp overload resolution bug: using both compute_local_sdf and compute_local_sdf_with_grad for VoxelDataWarp in a complex kernel produces invalid codegen (9 ld.local with 0 st.local in PTX). Crashes CUDA context and poisons subsequent tests. Workaround: use only compute_local_sdf_with_grad.">/private/var/folders/bl/vb31sscj37930_m8hffp11lh0000gn/T/curobo-portable-upstream-qs61t8ui/tests/_src/geom/sdf/test_voxel_collision.py:1406: Warp overload resolution bug: using both compute_local_sdf and compute_local_sdf_with_grad for VoxelDataWarp in a complex kernel produces invalid codegen (9 ld.local with 0 st.local in PTX). Crashes CUDA context and poisons subsequent tests. Workaround: use only compute_local_sdf_with_grad.</skipped></testcase><testcase classname="tests._src.geom.sdf.test_voxel_collision.TestStandaloneComputeLocalSdf" name="test_dual_sweep_kernel" time="0.000"><skipped type="pytest.skip" message="CUDA required">/private/var/folders/bl/vb31sscj37930_m8hffp11lh0000gn/T/curobo-portable-upstream-qs61t8ui/tests/_src/geom/sdf/test_voxel_collision.py:1461: CUDA required</skipped></testcase><testcase classname="tests._src.geom.test_pose" name="test_initialization[cpu]" time="0.000" /><testcase classname="tests._src.geom.test_pose" name="test_get_matrix[cpu]" time="0.001" /><testcase classname="tests._src.geom.test_pose" name="test_pose_inverse[cpu]" time="0.000" /><testcase classname="tests._src.geom.test_pose" name="test_pose_multiplication[cpu]" time="0.000" /><testcase classname="tests._src.geom.test_pose" name="test_transform_points[cpu]" time="0.000" /><testcase classname="tests._src.geom.test_pose" name="test_angular_distance[cpu]" time="0.000" /><testcase classname="tests._src.geom.test_pose" name="test_pose_transform_point[cpu]" time="0.001" /><testcase classname="tests._src.geom.test_pose" name="test_pose_transform_point_grad[cpu]" time="0.100" /><testcase classname="tests._src.geom.test_pose" name="test_initialization[mps:0]" time="0.004" /><testcase classname="tests._src.geom.test_pose" name="test_get_matrix[mps:0]" time="0.089"><failure message="TypeError: Cannot convert a MPS Tensor to float64 dtype as the MPS framework doesn't support float64. Please use float32 instead.">cpu_cuda_device_cfg = DeviceCfg(device=device(type='mps', index=0), dtype=torch.float32, collision_geometry_dtype=torch.float32, collision_gradient_dtype=torch.float32, collision_distance_dtype=torch.float32)

    def test_get_matrix(cpu_cuda_device_cfg):
        """Test conversion to transformation matrix"""
        test_pose = get_test_pose(cpu_cuda_device_cfg)
    
        matrix = test_pose.get_matrix()
&gt;       expected_shape = torch.tensor(np.eye(4), device=test_pose.position.device).unsqueeze(0).shape
                         ^^^^^^^^^^^^^^^^^^^^^^^^^^^^^^^^^^^^^^^^^^^^^^^^^^^^^^^^^
E       TypeError: Cannot convert a MPS Tensor to float64 dtype as the MPS framework doesn't support float64. Please use float32 instead.

tests/_src/geom/test_pose.py:36: TypeError</failure></testcase><testcase classname="tests._src.geom.test_pose" name="test_pose_inverse[mps:0]" time="0.011" /><testcase classname="tests._src.geom.test_pose" name="test_pose_multiplication[mps:0]" time="0.002" /><testcase classname="tests._src.geom.test_pose" name="test_transform_points[mps:0]" time="0.006" /><testcase classname="tests._src.geom.test_pose" name="test_angular_distance[mps:0]" time="0.001" /><testcase classname="tests._src.geom.test_pose" name="test_pose_transform_point[mps:0]" time="0.051" /><testcase classname="tests._src.geom.test_pose" name="test_pose_transform_point_grad[mps:0]" time="0.016" /><testcase classname="tests._src.geom.test_quaternion" name="test_quat_multiply[mps]" time="0.054" /><testcase classname="tests._src.geom.test_quaternion" name="test_quat_multiply[cpu]" time="0.000" /><testcase classname="tests._src.geom.test_quaternion" name="test_angular_distance_phi3[mps]" time="0.004" /><testcase classname="tests._src.geom.test_quaternion" name="test_angular_distance_phi3[cpu]" time="0.000" /><testcase classname="tests._src.geom.test_quaternion" name="test_normalize_quaternion[mps]" time="0.001" /><testcase classname="tests._src.geom.test_quaternion" name="test_normalize_quaternion[cpu]" time="0.000" /><testcase classname="tests._src.geom.test_quaternion" name="test_batch_operations[mps]" time="0.002" /><testcase classname="tests._src.geom.test_quaternion" name="test_batch_operations[cpu]" time="0.000" /><testcase classname="tests._src.geom.test_quaternion" name="test_angular_distance_gradcheck[mps]" time="0.000"><failure message="TypeError: Cannot convert a MPS Tensor to float64 dtype as the MPS framework doesn't support float64. Please use float32 instead.">device = 'mps'

    def test_angular_distance_gradcheck(device):
        """Test gradient accuracy for angular_distance_phi3 using gradcheck."""
        # Create test quaternions with double precision
&gt;       q1 = torch.tensor([[1.0, 0.1, 0.2, 0.3]], device=device, dtype=torch.double, requires_grad=True)
             ^^^^^^^^^^^^^^^^^^^^^^^^^^^^^^^^^^^^^^^^^^^^^^^^^^^^^^^^^^^^^^^^^^^^^^^^^^^^^^^^^^^^^^^^^^^
E       TypeError: Cannot convert a MPS Tensor to float64 dtype as the MPS framework doesn't support float64. Please use float32 instead.

tests/_src/geom/test_quaternion.py:101: TypeError</failure></testcase><testcase classname="tests._src.geom.test_quaternion" name="test_angular_distance_gradcheck[cpu]" time="0.098" /><testcase classname="tests._src.geom.test_quaternion" name="test_quat_multiply_gradcheck[mps]" time="0.000"><failure message="TypeError: Cannot convert a MPS Tensor to float64 dtype as the MPS framework doesn't support float64. Please use float32 instead.">device = 'mps'

    def test_quat_multiply_gradcheck(device):
        """Test gradient accuracy for quaternion multiplication using gradcheck."""
        # Create test quaternions with double precision
&gt;       q1 = torch.tensor([[1.0, 0.1, 0.2, 0.3]], device=device, dtype=torch.double, requires_grad=True)
             ^^^^^^^^^^^^^^^^^^^^^^^^^^^^^^^^^^^^^^^^^^^^^^^^^^^^^^^^^^^^^^^^^^^^^^^^^^^^^^^^^^^^^^^^^^^
E       TypeError: Cannot convert a MPS Tensor to float64 dtype as the MPS framework doesn't support float64. Please use float32 instead.

tests/_src/geom/test_quaternion.py:115: TypeError</failure></testcase><testcase classname="tests._src.geom.test_quaternion" name="test_quat_multiply_gradcheck[cpu]" time="0.002" /><testcase classname="tests._src.geom.test_quaternion" name="test_normalize_quaternion_gradcheck[mps]" time="0.000"><failure message="TypeError: Cannot convert a MPS Tensor to float64 dtype as the MPS framework doesn't support float64. Please use float32 instead.">device = 'mps'

    def test_normalize_quaternion_gradcheck(device):
        """Test gradient accuracy for quaternion normalization using gradcheck."""
        # Create a test quaternion with double precision
&gt;       q = torch.tensor([[2.0, 1.0, 1.0, 1.0]], device=device, dtype=torch.double, requires_grad=True)
            ^^^^^^^^^^^^^^^^^^^^^^^^^^^^^^^^^^^^^^^^^^^^^^^^^^^^^^^^^^^^^^^^^^^^^^^^^^^^^^^^^^^^^^^^^^^
E       TypeError: Cannot convert a MPS Tensor to float64 dtype as the MPS framework doesn't support float64. Please use float32 instead.

tests/_src/geom/test_quaternion.py:133: TypeError</failure></testcase><testcase classname="tests._src.geom.test_quaternion" name="test_normalize_quaternion_gradcheck[cpu]" time="0.001" /><testcase classname="tests._src.geom.test_quaternion" name="test_axis_angle_error[mps]" time="0.003" /><testcase classname="tests._src.geom.test_quaternion" name="test_axis_angle_error[cpu]" time="0.000" /><testcase classname="tests._src.geom.test_quaternion" name="test_axis_angle_error_gradcheck[mps]" time="0.000"><failure message="TypeError: Cannot convert a MPS Tensor to float64 dtype as the MPS framework doesn't support float64. Please use float32 instead.">device = 'mps'

    def test_axis_angle_error_gradcheck(device):
        """Test gradient accuracy for axis_angle_error using gradcheck."""
        # Create test quaternions with double precision for better numerical accuracy
&gt;       q1 = torch.tensor([[1.0, 0.1, 0.2, 0.3]], device=device, dtype=torch.double, requires_grad=True)
             ^^^^^^^^^^^^^^^^^^^^^^^^^^^^^^^^^^^^^^^^^^^^^^^^^^^^^^^^^^^^^^^^^^^^^^^^^^^^^^^^^^^^^^^^^^^
E       TypeError: Cannot convert a MPS Tensor to float64 dtype as the MPS framework doesn't support float64. Please use float32 instead.

tests/_src/geom/test_quaternion.py:163: TypeError</failure></testcase><testcase classname="tests._src.geom.test_quaternion" name="test_axis_angle_error_gradcheck[cpu]" time="0.002" /><testcase classname="tests._src.geom.test_transform.TestQuaternionRateConversion" name="test_basic_conversion" time="0.053" /><testcase classname="tests._src.geom.test_transform.TestQuaternionRateConversion" name="test_batch_conversion" time="0.001" /><testcase classname="tests._src.geom.test_transform.TestQuaternionRateConversion" name="test_zero_rate" time="0.002" /><testcase classname="tests._src.geom.test_transform.TestTransformPoints" name="test_basic_transform" time="0.043" /><testcase classname="tests._src.geom.test_transform.TestTransformPoints" name="test_transform_with_rotation" time="0.002" /><testcase classname="tests._src.geom.test_transform.TestTransformPoints" name="test_transform_with_preallocated_outputs" time="0.002" /><testcase classname="tests._src.geom.test_transform.TestBatchTransformPoints" name="test_basic_batch_transform" time="0.003" /><testcase classname="tests._src.geom.test_transform.TestBatchTransformPoints" name="test_batch_transform_with_outputs" time="0.003" /><testcase classname="tests._src.geom.test_transform.TestBatchTransformPoints" name="test_batch_identity_transform" time="0.003" /><testcase classname="tests._src.geom.test_transform.TestTransformEdgeCases" name="test_single_point_transform" time="0.001" /><testcase classname="tests._src.geom.test_transform.TestTransformEdgeCases" name="test_many_points_transform" time="0.003" /><testcase classname="tests._src.geom.test_transform.TestTransformEdgeCases" name="test_batch_single_point" time="0.002" /><testcase classname="tests._src.graph_planner.test_constructor.TestGraphConstructorInitialization" name="test_constructor_basic_init" time="0.307" /><testcase classname="tests._src.graph_planner.test_constructor.TestGraphConstructorInitialization" name="test_constructor_initial_state" time="0.152" /><testcase classname="tests._src.graph_planner.test_constructor.TestGraphConstructorSteerAndRegister" name="test_steer_and_register_edges_basic" time="6.276" /><testcase classname="tests._src.graph_planner.test_constructor.TestGraphConstructorSteerAndRegister" name="test_steer_and_register_with_exact_nodes" time="2.452" /><testcase classname="tests._src.graph_planner.test_constructor.TestGraphConstructorSteerAndRegister" name="test_steer_and_register_mismatched_batch_size" time="0.149" /><testcase classname="tests._src.graph_planner.test_constructor.TestGraphConstructorSteerAndRegister" name="test_steer_and_register_wrong_start_dimensions" time="0.153" /><testcase classname="tests._src.graph_planner.test_constructor.TestGraphConstructorSteerAndRegister" name="test_steer_and_register_wrong_goal_dimensions" time="0.154" /><testcase classname="tests._src.graph_planner.test_constructor.TestGraphConstructorConnectNodes" name="test_connect_nodes_basic" time="16.443" /><testcase classname="tests._src.graph_planner.test_constructor.TestGraphConstructorConnectNodes" name="test_connect_nodes_with_empty_batch" time="0.152" /><testcase classname="tests._src.graph_planner.test_constructor.TestGraphConstructorConnectNodes" name="test_connect_nodes_without_index_column" time="6.457" /><testcase classname="tests._src.graph_planner.test_constructor.TestGraphConstructorConnectNodes" name="test_connect_nodes_with_exact_nodes" time="14.862" /><testcase classname="tests._src.graph_planner.test_constructor.TestGraphConstructorRetractNode" name="test_initialize_default_node_feasible" time="0.065" /><testcase classname="tests._src.graph_planner.test_constructor.TestGraphConstructorRetractNode" name="test_initialize_default_node_infeasible" time="0.067" /><testcase classname="tests._src.graph_planner.test_constructor.TestGraphConstructorRetractNode" name="test_initialize_default_node_disabled" time="0.142" /><testcase classname="tests._src.graph_planner.test_constructor.TestGraphConstructorTerminalNodes" name="test_initialize_terminal_graph_connections_basic" time="3.915" /><testcase classname="tests._src.graph_planner.test_constructor.TestGraphConstructorTerminalNodes" name="test_initialize_terminal_with_existing_roadmap" time="2.177" /><testcase classname="tests._src.graph_planner.test_constructor.TestGraphConstructorTerminalNodes" name="test_initialize_terminal_with_connect_nearest" time="88.762" /><testcase classname="tests._src.graph_planner.test_constructor.TestGraphConstructorTerminalNodes" name="test_initialize_terminal_wrong_init_shape" time="0.146" /><testcase classname="tests._src.graph_planner.test_constructor.TestGraphConstructorTerminalNodes" name="test_initialize_terminal_wrong_goal_shape" time="0.141" /><testcase classname="tests._src.graph_planner.test_constructor.TestGraphConstructorTerminalNodes" name="test_initialize_terminal_mismatched_batch" time="0.141" /><testcase classname="tests._src.graph_planner.test_constructor.TestGraphConstructorTerminalNodes" name="test_initialize_terminal_wrong_init_dimensions" time="0.141" /><testcase classname="tests._src.graph_planner.test_constructor.TestGraphConstructorTerminalNodes" name="test_initialize_terminal_wrong_goal_dimensions" time="0.141" /><testcase classname="tests._src.graph_planner.test_constructor.TestGraphConstructorReset" name="test_reset" time="0.141" /><testcase classname="tests._src.graph_planner.test_graph_planner_batch_seed.TestGraphPlannerBatchSeedShape" name="test_interpolated_waypoints_shape_flat_batch" time="15.696" /><testcase classname="tests._src.graph_planner.test_graph_planner_batch_seed.TestGraphPlannerBatchSeedShape" name="test_interpolated_waypoints_reshape_to_batch_seeds" time="4.447" /><testcase classname="tests._src.graph_planner.test_graph_planner_batch_seed.TestGraphPlannerBatchSeedShape" name="test_all_failed_returns_none_waypoints" time="2.875" /><testcase classname="tests._src.graph_planner.test_graph_planner_batch_seed.TestGraphPlannerBatchSeedShape" name="test_successful_queries_have_full_shape" time="17.315" /><testcase classname="tests._src.graph_planner.test_graph_planner_batch_seed.TestGraphPlannerBatchSeedShape" name="test_repeated_start_different_goals" time="32.939" /><testcase classname="tests._src.graph_planner.test_graph_planner_prm" name="test_base_graph_planner_sample_actions" time="0.348" /><testcase classname="tests._src.graph_planner.test_graph_planner_prm" name="test_base_graph_planner_check_samples_feasibility" time="0.503" /><testcase classname="tests._src.graph_planner.test_graph_planner_prm" name="test_base_graph_planner_vertex_sampling" time="5.835" /><testcase classname="tests._src.graph_planner.test_graph_planner_prm" name="test_base_graph_planner_build_roadmap" time="0.830" /><testcase classname="tests._src.graph_planner.test_graph_planner_prm" name="test_base_graph_planner_find_path" time="4.697" /><testcase classname="tests._src.graph_planner.test_graph_planner_prm" name="test_graph_planner_initialization_with_cuda_graph" time="0.206" /><testcase classname="tests._src.graph_planner.test_graph_planner_prm" name="test_check_samples_feasibility_invalid_shape" time="0.205" /><testcase classname="tests._src.graph_planner.test_graph_planner_prm" name="test_find_path_mismatched_indices" time="0.350" /><testcase classname="tests._src.graph_planner.test_graph_planner_prm" name="test_find_path_with_return_length" time="44.022" /><testcase classname="tests._src.graph_planner.test_graph_planner_prm" name="test_check_paths_exist_require_all" time="27.766" /><testcase classname="tests._src.graph_planner.test_graph_planner_prm" name="test_find_path_with_validation" time="2.018" /><testcase classname="tests._src.graph_planner.test_graph_planner_prm" name="test_find_path_waypoints_are_feasible" time="0.547" /><testcase classname="tests._src.graph_planner.test_graph_planner_prm" name="test_find_path_batch_processing" time="1.893" /><testcase classname="tests._src.graph_planner.test_graph_planner_prm" name="test_reset_buffer_functionality" time="0.495" /><testcase classname="tests._src.graph_planner.test_graph_planner_prm" name="test_find_path_impl_validation_errors" time="0.206" /><testcase classname="tests._src.graph_planner.test_graph_planner_prm" name="test_auto_reset_when_buffer_full" time="82.026" /><testcase classname="tests._src.graph_planner.test_graph_planner_prm" name="test_find_path_with_collision_start_or_goal" time="0.227" /><testcase classname="tests._src.graph_planner.test_graph_planner_prm" name="test_find_path_with_identical_start_goal" time="0.302" /><testcase classname="tests._src.graph_planner.test_graph_planner_prm" name="test_find_path_single_node_in_path" time="0.635" /><testcase classname="tests._src.graph_planner.test_graph_planner_prm" name="test_find_path_early_break_short_path" time="0.821" /><testcase classname="tests._src.graph_planner.test_graph_planner_prm" name="test_find_path_partial_success" time="19.873" /><testcase classname="tests._src.graph_planner.test_graph_planner_prm" name="test_unsupported_interpolation_type" time="0.660" /><testcase classname="tests._src.graph_planner.test_graph_planner_prm" name="test_interpolation_with_single_waypoint" time="0.210" /><testcase classname="tests._src.graph_planner.test_graph_planner_prm" name="test_reset_cuda_graph" time="0.208" /><testcase classname="tests._src.graph_planner.test_graph_planner_prm" name="test_get_all_rollout_instances" time="0.207" /><testcase classname="tests._src.graph_planner.test_graph_planner_prm" name="test_reset_seed" time="0.206" /><testcase classname="tests._src.graph_planner.test_graph_planner_prm" name="test_transition_model_property" time="0.207" /><testcase classname="tests._src.graph_planner.test_graph_planner_prm" name="test_compute_kinematics" time="0.222" /><testcase classname="tests._src.graph_planner.test_graph_planner_prm" name="test_interpolation_cubic" time="0.801" /><testcase classname="tests._src.graph_planner.test_graph_planner_prm" name="test_interpolation_quintic" time="0.791" /><testcase classname="tests._src.graph_planner.test_graph_planner_prm" name="test_find_path_without_interpolation" time="0.731" /><testcase classname="tests._src.graph_planner.test_graph_planner_prm" name="test_properties" time="0.205" /><testcase classname="tests._src.graph_planner.test_graph_planner_prm" name="test_extend_roadmap_with_ellipsoidal_samples" time="0.529" /><testcase classname="tests._src.graph_planner.test_node_sampling_strategy.TestNodeSamplingStrategyInitialization" name="test_init_basic" time="0.165" /><testcase classname="tests._src.graph_planner.test_node_sampling_strategy.TestNodeSamplingStrategyInitialization" name="test_init_with_seed" time="0.051" /><testcase classname="tests._src.graph_planner.test_node_sampling_strategy.TestNodeSamplingStrategyActionSampling" name="test_generate_action_samples_bounded" time="0.007" /><testcase classname="tests._src.graph_planner.test_node_sampling_strategy.TestNodeSamplingStrategyActionSampling" name="test_generate_action_samples_unbounded" time="0.006" /><testcase classname="tests._src.graph_planner.test_node_sampling_strategy.TestNodeSamplingStrategyActionSampling" name="test_generate_action_samples_unit_ball" time="0.011" /><testcase classname="tests._src.graph_planner.test_node_sampling_strategy.TestNodeSamplingStrategyActionSampling" name="test_unit_ball_low_dimension" time="0.045" /><testcase classname="tests._src.graph_planner.test_node_sampling_strategy.TestNodeSamplingStrategyFeasibilityChecking" name="test_check_samples_feasibility" time="0.007" /><testcase classname="tests._src.graph_planner.test_node_sampling_strategy.TestNodeSamplingStrategyFeasibilityChecking" name="test_check_samples_feasibility_invalid_shape" time="0.007" /><testcase classname="tests._src.graph_planner.test_node_sampling_strategy.TestNodeSamplingStrategyFeasibilityChecking" name="test_get_feasible_sample_set" time="0.012" /><testcase classname="tests._src.graph_planner.test_node_sampling_strategy.TestNodeSamplingStrategyFeasibleGeneration" name="test_generate_feasible_action_samples" time="0.008" /><testcase classname="tests._src.graph_planner.test_node_sampling_strategy.TestNodeSamplingStrategyFeasibleGeneration" name="test_generate_feasible_samples" time="0.006" /><testcase classname="tests._src.graph_planner.test_node_sampling_strategy.TestNodeSamplingStrategyEllipsoidSampling" name="test_compute_distance_from_line" time="0.007" /><testcase classname="tests._src.graph_planner.test_node_sampling_strategy.TestNodeSamplingStrategyEllipsoidSampling" name="test_generate_feasible_samples_in_ellipsoid" time="0.019" /><testcase classname="tests._src.graph_planner.test_node_sampling_strategy.TestNodeSamplingStrategyEllipsoidSampling" name="test_ellipsoid_sampling_with_different_radii" time="0.015" /><testcase classname="tests._src.graph_planner.test_node_sampling_strategy.TestNodeSamplingStrategyEdgeCases" name="test_zero_samples" time="0.006" /><testcase classname="tests._src.graph_planner.test_node_sampling_strategy.TestNodeSamplingStrategyEdgeCases" name="test_single_sample" time="0.006" /><testcase classname="tests._src.graph_planner.test_node_sampling_strategy.TestNodeSamplingStrategyEdgeCases" name="test_large_batch" time="0.006" /><testcase classname="tests._src.graph_planner.test_node_sampling_strategy.TestNodeSamplingStrategyEdgeCases" name="test_feasible_samples_with_high_rejection" time="0.013" /><testcase classname="tests._src.graph_planner.test_node_sampling_strategy.TestNodeSamplingStrategyEdgeCases" name="test_ellipsoid_with_start_equals_goal" time="0.008" /><testcase classname="tests._src.graph_planner.test_node_sampling_strategy.TestNodeSamplingStrategyEllipsoidProjectionMethods" name="test_svd_projection_method" time="0.008" /><testcase classname="tests._src.graph_planner.test_node_sampling_strategy.TestNodeSamplingStrategyEllipsoidProjectionMethods" name="test_approximate_projection_method" time="0.010" /><testcase classname="tests._src.graph_planner.test_node_sampling_strategy.TestNodeSamplingStrategyEllipsoidProjectionMethods" name="test_householder_projection_method" time="0.008" /><testcase classname="tests._src.graph_planner.test_node_sampling_strategy.TestNodeSamplingStrategyValidation" name="test_ellipsoid_sampling_with_wrong_start_shape" time="0.006" /><testcase classname="tests._src.graph_planner.test_node_sampling_strategy.TestNodeSamplingStrategyValidation" name="test_ellipsoid_sampling_with_wrong_goal_shape" time="0.006" /><testcase classname="tests._src.graph_planner.test_node_sampling_strategy.TestNodeSamplingStrategyValidation" name="test_ellipsoid_sampling_with_wrong_start_dimension" time="0.006" /><testcase classname="tests._src.graph_planner.test_node_sampling_strategy.TestNodeSamplingStrategyValidation" name="test_ellipsoid_sampling_with_wrong_goal_dimension" time="0.006" /><testcase classname="tests._src.graph_planner.test_node_sampling_strategy.TestNodeSamplingStrategyValidation" name="test_line_distance_with_wrong_vertices_shape" time="0.006" /><testcase classname="tests._src.graph_planner.test_node_sampling_strategy.TestNodeSamplingStrategyValidation" name="test_line_distance_with_wrong_start_shape" time="0.006" /><testcase classname="tests._src.graph_planner.test_node_sampling_strategy.TestNodeSamplingStrategyValidation" name="test_line_distance_with_wrong_goal_shape" time="0.006" /><testcase classname="tests._src.graph_planner.test_node_sampling_strategy.TestNodeSamplingStrategyValidation" name="test_line_distance_with_wrong_start_dimension" time="0.006" /><testcase classname="tests._src.graph_planner.test_node_sampling_strategy.TestNodeSamplingStrategyValidation" name="test_line_distance_with_wrong_goal_dimension" time="0.006" /><testcase classname="tests._src.graph_planner.test_node_sampling_strategy.TestNodeSamplingStrategyFewerSamplesPaths" name="test_generate_feasible_samples_with_high_rejection" time="0.006" /><testcase classname="tests._src.graph_planner.test_node_sampling_strategy.TestNodeSamplingStrategyFewerSamplesPaths" name="test_ellipsoid_sampling_with_high_rejection" time="0.008" /><testcase classname="tests._src.graph_planner.test_node_sampling_strategy.TestNodeSamplingStrategyResetSeed" name="test_reset_seed" time="0.006" /><testcase classname="tests._src.motion.test_motion_planner.TestMotionPlannerClassDefinition" name="test_class_exists" time="0.000" /><testcase classname="tests._src.motion.test_motion_planner.TestMotionPlannerClassDefinition" name="test_init_method_exists" time="0.000" /><testcase classname="tests._src.motion.test_motion_planner.TestMotionPlannerClassDefinition" name="test_plan_pose_method_exists" time="0.000" /><testcase classname="tests._src.motion.test_motion_planner.TestMotionPlannerClassDefinition" name="test_plan_cspace_method_exists" time="0.000" /><testcase classname="tests._src.motion.test_motion_planner.TestMotionPlannerClassDefinition" name="test_plan_grasp_method_exists" time="0.000" /><testcase classname="tests._src.motion.test_motion_planner.TestMotionPlannerClassDefinition" name="test_warmup_method_exists" time="0.000" /><testcase classname="tests._src.motion.test_motion_planner.TestMotionPlannerClassDefinition" name="test_compute_kinematics_method_exists" time="0.000" /><testcase classname="tests._src.motion.test_motion_planner.TestMotionPlannerInitialization" name="test_init_with_config" time="0.444" /><testcase classname="tests._src.motion.test_motion_planner.TestMotionPlannerInitialization" name="test_init_creates_ik_solver" time="0.264" /><testcase classname="tests._src.motion.test_motion_planner.TestMotionPlannerInitialization" name="test_init_creates_trajopt_solver" time="0.000" /><testcase classname="tests._src.motion.test_motion_planner.TestMotionPlannerInitialization" name="test_init_creates_graph_planner" time="0.000" /><testcase classname="tests._src.motion.test_motion_planner.TestMotionPlannerInitialization" name="test_init_without_scene_no_collision_checker" time="0.000" /><testcase classname="tests._src.motion.test_motion_planner.TestMotionPlannerInitialization" name="test_init_with_scene_creates_collision_checker" time="0.312" /><testcase classname="tests._src.motion.test_motion_planner.TestMotionPlannerProperties" name="test_attachment_manager_property" time="0.000" /><testcase classname="tests._src.motion.test_motion_planner.TestMotionPlannerProperties" name="test_joint_names_property" time="0.000" /><testcase classname="tests._src.motion.test_motion_planner.TestMotionPlannerProperties" name="test_tool_frames_property" time="0.000" /><testcase classname="tests._src.motion.test_motion_planner.TestMotionPlannerProperties" name="test_default_joint_state_property" time="0.001" /><testcase classname="tests._src.motion.test_motion_planner.TestMotionPlannerProperties" name="test_kinematics_property" time="0.000" /><testcase classname="tests._src.motion.test_motion_planner.TestMotionPlannerComputeKinematics" name="test_compute_kinematics_returns_result" time="0.020" /><testcase classname="tests._src.motion.test_motion_planner.TestMotionPlannerComputeKinematics" name="test_compute_kinematics_link_poses_has_position" time="0.008" /><testcase classname="tests._src.motion.test_motion_planner.TestMotionPlannerWarmup" name="test_warmup_no_error" time="0.762" /><testcase classname="tests._src.motion.test_motion_planner.TestMotionPlannerWarmup" name="test_warmup_without_graph" time="0.719" /><testcase classname="tests._src.motion.test_motion_planner.TestMotionPlannerPlanSinglePose" name="test_plan_pose_returns_result" time="0.855" /><testcase classname="tests._src.motion.test_motion_planner.TestMotionPlannerPlanSinglePose" name="test_plan_pose_result_has_success" time="2.235" /><testcase classname="tests._src.motion.test_motion_planner.TestMotionPlannerPlanSinglePose" name="test_plan_pose_result_has_timing" time="2.336" /><testcase classname="tests._src.motion.test_motion_planner.TestMotionPlannerPlanSinglePose" name="test_plan_pose_with_goal_tool_pose" time="1.402" /><testcase classname="tests._src.motion.test_motion_planner.TestMotionPlannerPlanSinglePose" name="test_plan_pose_with_implicit_goal" time="0.781" /><testcase classname="tests._src.motion.test_motion_planner.TestMotionPlannerResetSeed" name="test_reset_seed_no_error" time="0.000" /><testcase classname="tests._src.motion.test_motion_planner.TestMotionPlannerWithSceneCollision" name="test_plan_with_scene_collision" time="2.376" /><testcase classname="tests._src.motion.test_motion_planner.TestMotionPlannerPlanGrasp" name="test_plan_grasp_returns_grasp_plan_result" time="4.462" /><testcase classname="tests._src.motion.test_motion_planner.TestMotionPlannerPlanGrasp" name="test_plan_grasp_result_has_status" time="4.648" /><testcase classname="tests._src.motion.test_motion_planner.TestMotionPlannerPlanGrasp" name="test_plan_grasp_result_has_goalset_result" time="1.290" /><testcase classname="tests._src.motion.test_motion_planner.TestMotionPlannerPlanGrasp" name="test_plan_grasp_with_custom_approach_offset" time="5.304" /><testcase classname="tests._src.motion.test_motion_planner.TestMotionPlannerUpdateMethods" name="test_update_world_method_exists" time="0.000" /><testcase classname="tests._src.motion.test_motion_planner.TestMotionPlannerUpdateMethods" name="test_clear_scene_cache_method_exists" time="0.000" /><testcase classname="tests._src.motion.test_motion_planner.TestMotionPlannerUpdateMethods" name="test_enable_link_collision_method_exists" time="0.000" /><testcase classname="tests._src.motion.test_motion_planner.TestMotionPlannerUpdateMethods" name="test_disable_link_collision_method_exists" time="0.000" /><testcase classname="tests._src.motion.test_motion_planner.TestMotionPlannerUpdateMethods" name="test_enable_disable_link_collision" time="0.001" /><testcase classname="tests._src.motion.test_motion_planner.TestMotionPlannerUpdateMethods" name="test_update_link_inertial_method_exists" time="0.000" /><testcase classname="tests._src.motion.test_motion_planner.TestMotionPlannerUpdateMethods" name="test_update_links_inertial_method_exists" time="0.000" /><testcase classname="tests._src.motion.test_motion_planner.TestMotionPlannerPlanSingleGoalset" name="test_plan_pose_method_callable" time="0.000" /><testcase classname="tests._src.motion.test_motion_planner.TestMotionPlannerPlanSingleGoalset" name="test_plan_pose_with_dict_input" time="0.795" /><testcase classname="tests._src.motion.test_motion_planner.TestMotionPlannerPlanCspace" name="test_plan_cspace_method_callable" time="0.000" /><testcase classname="tests._src.motion.test_motion_planner.TestMotionPlannerPlanCspace" name="test_plan_cspace_returns_result" time="0.116" /><testcase classname="tests._src.motion.test_motion_planner.TestMotionPlannerPlanCspace" name="test_plan_cspace_result_has_success" time="0.270" /><testcase classname="tests._src.motion.test_motion_planner.TestMotionPlannerPlanCspace" name="test_plan_cspace_result_has_timing" time="0.259" /><testcase classname="tests._src.motion.test_motion_planner.TestMotionPlannerPlanCspace" name="test_plan_cspace_with_graph_planner" time="0.408" /><testcase classname="tests._src.motion.test_motion_planner.TestMotionPlannerPlanCspace" name="test_plan_cspace_same_start_and_goal" time="0.115" /><testcase classname="tests._src.motion.test_motion_planner.TestMotionPlannerUpdateWorldAndCache" name="test_update_world_with_scene" time="0.001" /><testcase classname="tests._src.motion.test_motion_planner.TestMotionPlannerUpdateWorldAndCache" name="test_clear_scene_cache_with_scene" time="0.000" /><testcase classname="tests._src.motion.test_motion_planner.TestMotionPlannerUpdateInertial" name="test_update_link_inertial_method_signature" time="0.000" /><testcase classname="tests._src.motion.test_motion_planner.TestMotionPlannerUpdateInertial" name="test_update_links_inertial_method_signature" time="0.000" /><testcase classname="tests._src.motion.test_motion_planner.TestMotionPlannerUpdateInertial" name="test_update_link_inertial_raises_without_dynamics" time="0.000" /><testcase classname="tests._src.motion.test_motion_planner.TestMotionPlannerMultipleAttempts" name="test_plan_pose_multiple_attempts_uses_graph" time="0.829" /><testcase classname="tests._src.motion.test_motion_planner.TestMotionPlannerMultipleAttempts" name="test_plan_pose_with_difficult_goal" time="3.655" /><testcase classname="tests._src.motion.test_motion_planner.TestMotionPlannerGoalsetWarmupAndPlanning" name="test_warmup_with_goalset_succeeds" time="1.075" /><testcase classname="tests._src.motion.test_motion_planner.TestMotionPlannerGoalsetWarmupAndPlanning" name="test_plan_pose_after_goalset_warmup" time="1.964" /><testcase classname="tests._src.motion.test_motion_planner.TestMotionPlannerGoalsetWarmupAndPlanning" name="test_plan_pose_then_goalset_then_pose" time="2.922" /><testcase classname="tests._src.motion.test_motion_planner.TestMotionPlannerGoalsetWarmupAndPlanning" name="test_plan_pose_then_cspace_after_warmup" time="0.903" /><testcase classname="tests._src.motion.test_motion_planner.TestMotionPlannerGoalsetWarmupAndPlanning" name="test_plan_cspace_then_pose_after_warmup" time="0.983" /><testcase classname="tests._src.motion.test_motion_planner.TestMotionPlannerGoalsetWarmupAndPlanning" name="test_plan_grasp_after_goalset_warmup" time="1.290" /><testcase classname="tests._src.motion.test_motion_planner.TestMotionPlannerIKFailurePaths" name="test_plan_pose_ik_failure_unreachable_goal" time="8.489" /><testcase classname="tests._src.motion.test_motion_planner.TestMotionPlannerGraphPlannerPath" name="test_plan_pose_triggers_graph_on_first_attempt" time="0.839" /><testcase classname="tests._src.motion.test_motion_planner.TestMotionPlannerGraphPlannerPath" name="test_plan_pose_graph_failure_continues" time="12.761" /><testcase classname="tests._src.motion.test_motion_planner.TestMotionPlannerGoalsetFailure" name="test_plan_pose_returns_none_unreachable" time="4.373" /><testcase classname="tests._src.motion.test_motion_planner.TestMotionPlannerPlanGraspAdvanced" name="test_plan_grasp_with_dict_input" time="5.258" /><testcase classname="tests._src.motion.test_motion_planner.TestMotionPlannerPlanGraspAdvanced" name="test_plan_grasp_goalset_returns_none" time="21.229" /><testcase classname="tests._src.motion.test_motion_planner.TestMotionPlannerPlanGraspAdvanced" name="test_plan_grasp_offset_in_world_frame" time="5.028" /><testcase classname="tests._src.motion.test_motion_planner.TestMotionPlannerPlanGraspAdvanced" name="test_plan_grasp_with_full_approach_planning" time="1.275" /><testcase classname="tests._src.motion.test_motion_planner.TestMotionPlannerPlanGraspFullWorkflow" name="test_plan_grasp_full_workflow_with_lift" time="1.279" /><testcase classname="tests._src.motion.test_motion_planner.TestMotionPlannerPlanGraspFullWorkflow" name="test_plan_grasp_with_custom_axes" time="5.274" /><testcase classname="tests._src.motion.test_motion_planner.TestMotionPlannerKinematicsProperty" name="test_kinematics_property_returns_kinematics" time="0.000" /><testcase classname="tests._src.motion.test_motion_planner.TestMotionPlannerPartialIKSuccess" name="test_plan_pose_partial_ik_success" time="1.212" /><testcase classname="tests._src.motion.test_motion_planner.TestMotionPlannerPlanGraspFailurePaths" name="test_plan_grasp_goalset_success_false" time="21.380" /><testcase classname="tests._src.motion.test_motion_planner.TestMotionPlannerPlanGraspFailurePaths" name="test_plan_grasp_approach_fails" time="5.053" /><testcase classname="tests._src.motion.test_motion_planner_batch.TestBatchMotionPlannerInit" name="test_init_with_batch_config" time="0.442" /><testcase classname="tests._src.motion.test_motion_planner_batch.TestBatchMotionPlannerInit" name="test_init_preserves_explicit_seed_counts" time="0.340" /><testcase classname="tests._src.motion.test_motion_planner_batch.TestBatchMotionPlannerInit" name="test_has_graph_planner_when_shared_env" time="0.342" /><testcase classname="tests._src.motion.test_motion_planner_batch.TestBatchMotionPlannerInit" name="test_no_graph_planner_when_multi_env" time="0.342" /><testcase classname="tests._src.motion.test_motion_planner_batch.TestBatchMotionPlannerProperties" name="test_attachment_manager" time="0.314" /><testcase classname="tests._src.motion.test_motion_planner_batch.TestBatchMotionPlannerProperties" name="test_joint_names" time="0.344" /><testcase classname="tests._src.motion.test_motion_planner_batch.TestBatchMotionPlannerProperties" name="test_tool_frames" time="0.343" /><testcase classname="tests._src.motion.test_motion_planner_batch.TestBatchMotionPlannerProperties" name="test_default_joint_state" time="0.342" /><testcase classname="tests._src.motion.test_motion_planner_batch.TestBatchMotionPlannerPlanPose" name="test_plan_pose_returns_result" time="1.389" /><testcase classname="tests._src.motion.test_motion_planner_batch.TestBatchMotionPlannerPlanPose" name="test_plan_pose_result_batch_dim" time="1.177" /><testcase classname="tests._src.motion.test_motion_planner_batch.TestBatchMotionPlannerPlanPose" name="test_plan_pose_with_trajopt_options" time="1.035" /><testcase classname="tests._src.motion.test_motion_planner_batch.TestBatchMotionPlannerPlanCspace" name="test_plan_cspace_returns_result" time="0.561" /><testcase classname="tests._src.motion.test_motion_planner_batch.TestBatchMotionPlannerPlanCspace" name="test_plan_cspace_with_max_attempts" time="0.510" /><testcase classname="tests._src.motion.test_motion_planner_batch.TestBatchMotionPlannerWarmup" name="test_warmup_succeeds" time="5.962" /><testcase classname="tests._src.motion.test_motion_planner_batch.TestBatchMotionPlannerPlanGrasp" name="test_plan_grasp_returns_result" time="2.052" /><testcase classname="tests._src.motion.test_motion_planner_batch.TestBatchMotionPlannerPlanGrasp" name="test_plan_grasp_approach_only" time="0.760" /><testcase classname="tests._src.motion.test_motion_planner_batch.TestBatchMotionPlannerPlanGrasp" name="test_plan_grasp_has_per_problem_success" time="2.237" /><testcase classname="tests._src.motion.test_motion_planner_batch.TestBatchMotionPlannerResetSeed" name="test_reset_seed_no_error" time="0.344" /><testcase classname="tests._src.motion.test_motion_planner_cfg.TestMotionPlannerCfgDataclassDefinition" name="test_has_ik_solver_config_field" time="0.000" /><testcase classname="tests._src.motion.test_motion_planner_cfg.TestMotionPlannerCfgDataclassDefinition" name="test_has_trajopt_solver_config_field" time="0.000" /><testcase classname="tests._src.motion.test_motion_planner_cfg.TestMotionPlannerCfgDataclassDefinition" name="test_has_graph_planner_config_field" time="0.000" /><testcase classname="tests._src.motion.test_motion_planner_cfg.TestMotionPlannerCfgDataclassDefinition" name="test_has_scene_collision_cfg_field" time="0.000" /><testcase classname="tests._src.motion.test_motion_planner_cfg.TestMotionPlannerCfgDataclassDefinition" name="test_has_device_cfg_field" time="0.000" /><testcase classname="tests._src.motion.test_motion_planner_cfg.TestMotionPlannerCfgCreateMethod" name="test_create_method_exists" time="0.000" /><testcase classname="tests._src.motion.test_motion_planner_cfg.TestMotionPlannerCfgCreateMethod" name="test_create_is_static_method" time="0.000" /><testcase classname="tests._src.motion.test_motion_planner_cfg.TestMotionPlannerCfgCreateMethod" name="test_create_creates_config" time="0.160" /><testcase classname="tests._src.motion.test_motion_planner_cfg.TestMotionPlannerCfgCreateMethod" name="test_create_creates_ik_solver_config" time="0.052" /><testcase classname="tests._src.motion.test_motion_planner_cfg.TestMotionPlannerCfgCreateMethod" name="test_create_creates_trajopt_solver_config" time="0.052" /><testcase classname="tests._src.motion.test_motion_planner_cfg.TestMotionPlannerCfgCreateMethod" name="test_create_creates_graph_planner_config" time="0.052" /><testcase classname="tests._src.motion.test_motion_planner_cfg.TestMotionPlannerCfgCreateMethod" name="test_create_with_scene_model" time="0.052" /><testcase classname="tests._src.motion.test_motion_planner_cfg.TestMotionPlannerCfgCreateMethod" name="test_create_sets_num_ik_seeds" time="0.052" /><testcase classname="tests._src.motion.test_motion_planner_cfg.TestMotionPlannerCfgCreateMethod" name="test_create_sets_num_trajopt_seeds" time="0.052" /><testcase classname="tests._src.motion.test_motion_planner_cfg.TestMotionPlannerCfgCreateMethod" name="test_create_sets_interpolation_config" time="0.051" /><testcase classname="tests._src.motion.test_motion_planner_cfg.TestMotionPlannerCfgCreateMethod" name="test_create_uses_single_problem_seed_defaults" time="0.051" /><testcase classname="tests._src.motion.test_motion_planner_cfg.TestMotionPlannerCfgCreateMethod" name="test_create_uses_batch_seed_defaults" time="0.051" /><testcase classname="tests._src.motion.test_motion_planner_cfg.TestMotionPlannerCfgCreateMethod" name="test_create_sets_position_tolerance" time="0.050" /><testcase classname="tests._src.motion.test_motion_planner_cfg.TestMotionPlannerCfgCreateMethod" name="test_create_sets_orientation_tolerance" time="0.051" /><testcase classname="tests._src.motion.test_motion_planner_cfg.TestMotionPlannerCfgDirectConstruction" name="test_direct_construction_with_configs" time="0.087" /><testcase classname="tests._src.motion.test_motion_planner_cfg.TestMotionPlannerCfgDirectConstruction" name="test_direct_construction_defaults" time="0.000" /><testcase classname="tests._src.motion.test_motion_planner_cfg.TestMotionPlannerCfgDefaults" name="test_default_num_ik_seeds_parameter" time="0.000" /><testcase classname="tests._src.motion.test_motion_planner_cfg.TestMotionPlannerCfgDefaults" name="test_default_num_trajopt_seeds_parameter" time="0.000" /><testcase classname="tests._src.motion.test_motion_planner_cfg.TestMotionPlannerCfgDefaults" name="test_default_position_tolerance_parameter" time="0.000" /><testcase classname="tests._src.motion.test_motion_planner_cfg.TestMotionPlannerCfgDefaults" name="test_default_orientation_tolerance_parameter" time="0.000" /><testcase classname="tests._src.motion.test_motion_planner_cfg.TestMotionPlannerCfgDefaults" name="test_default_use_cuda_graph_parameter" time="0.000" /><testcase classname="tests._src.motion.test_motion_planner_cfg.TestMotionPlannerCfgDefaults" name="test_default_random_seed_parameter" time="0.000" /><testcase classname="tests._src.motion.test_motion_planner_cfg.TestMotionPlannerCfgTypeAnnotations" name="test_ik_solver_config_type" time="0.000" /><testcase classname="tests._src.motion.test_motion_planner_cfg.TestMotionPlannerCfgTypeAnnotations" name="test_trajopt_solver_config_type" time="0.000" /><testcase classname="tests._src.motion.test_motion_planner_cfg.TestMotionPlannerCfgTypeAnnotations" name="test_device_cfg_type" time="0.000" /><testcase classname="tests._src.motion.test_motion_planner_cfg.TestMotionPlannerCfgConfigContents" name="test_config_device_cfg_stored" time="0.051" /><testcase classname="tests._src.motion.test_motion_planner_cfg.TestMotionPlannerCfgConfigContents" name="test_ik_config_has_correct_num_seeds" time="0.000" /><testcase classname="tests._src.motion.test_motion_planner_cfg.TestMotionPlannerCfgConfigContents" name="test_trajopt_config_has_correct_num_seeds" time="0.000" /><testcase classname="tests._src.motion.test_motion_planner_cfg.TestMotionPlannerCfgConfigContents" name="test_config_without_scene_has_none_scene_collision_cfg" time="0.000" /><testcase classname="tests._src.motion.test_motion_planner_esdf.TestMotionPlannerEsdfInitialization" name="test_init_with_esdf_only" time="5.124" /><testcase classname="tests._src.motion.test_motion_planner_esdf.TestMotionPlannerEsdfInitialization" name="test_init_with_esdf_and_cuboid" time="7.167" /><testcase classname="tests._src.motion.test_motion_plann
[...]
ests._src.util.test_state_filter.TestFilterCfg" name="test_filter_cfg_init" time="0.000" /><testcase classname="tests._src.util.test_state_filter.TestFilterCfg" name="test_filter_cfg_create" time="0.000" /><testcase classname="tests._src.util.test_state_filter.TestFilterCfg" name="test_filter_cfg_create_with_teleport" time="0.000" /><testcase classname="tests._src.util.test_state_filter.TestJointStateFilter" name="test_init_acceleration_control" time="0.000" /><testcase classname="tests._src.util.test_state_filter.TestJointStateFilter" name="test_init_velocity_control" time="0.000" /><testcase classname="tests._src.util.test_state_filter.TestJointStateFilter" name="test_init_position_control" time="0.000" /><testcase classname="tests._src.util.test_state_filter.TestJointStateFilter" name="test_filter_joint_state_disabled" time="0.044" /><testcase classname="tests._src.util.test_state_filter.TestJointStateFilter" name="test_filter_joint_state_first_call" time="0.000" /><testcase classname="tests._src.util.test_state_filter.TestJointStateFilter" name="test_filter_joint_state_blend" time="0.000" /><testcase classname="tests._src.util.test_state_filter.TestJointStateFilter" name="test_integrate_acc" time="0.110" /><testcase classname="tests._src.util.test_state_filter.TestJointStateFilter" name="test_integrate_acc_with_existing_state" time="0.001" /><testcase classname="tests._src.util.test_state_filter.TestJointStateFilter" name="test_integrate_vel" time="0.001" /><testcase classname="tests._src.util.test_state_filter.TestJointStateFilter" name="test_integrate_pos" time="0.001" /><testcase classname="tests._src.util.test_state_filter.TestJointStateFilter" name="test_integrate_pos_teleport_mode" time="0.001" /><testcase classname="tests._src.util.test_state_filter.TestJointStateFilter" name="test_integrate_jerk" time="0.001" /><testcase classname="tests._src.util.test_state_filter.TestJointStateFilter" name="test_integrate_jerk_with_existing_state" time="0.001" /><testcase classname="tests._src.util.test_state_filter.TestJointStateFilter" name="test_reset" time="0.000" /><testcase classname="tests._src.util.test_trajectory.TestCalculateTrajSteps" name="test_calculate_traj_steps_basic" time="0.093" /><testcase classname="tests._src.util.test_trajectory.TestCalculateTrajSteps" name="test_calculate_traj_steps_nearest_int" time="0.002" /><testcase classname="tests._src.util.test_trajectory.TestCalculateDtNoClamp" name="test_calculate_dt_no_clamp_basic" time="0.001" /><testcase classname="tests._src.util.test_trajectory.TestCalculateDtNoClamp" name="test_calculate_dt_no_clamp_with_epsilon" time="0.001" /><testcase classname="tests._src.util.test_trajectory.TestCalculateDtNoClamp" name="test_calculate_dt_no_clamp_zero_inputs" time="0.000" /><testcase classname="tests._src.util.test_trajectory.TestLinearSmooth" name="test_linear_smooth_linear" time="0.000" /><testcase classname="tests._src.util.test_trajectory.TestLinearSmooth" name="test_linear_smooth_cubic" time="0.000" /><testcase classname="tests._src.util.test_trajectory.TestLinearSmooth" name="test_linear_smooth_cubic_insufficient_points" time="0.000" /><testcase classname="tests._src.util.test_trajectory.TestLinearSmooth" name="test_linear_smooth_quintic" time="0.000" /><testcase classname="tests._src.util.test_trajectory.TestLinearSmooth" name="test_linear_smooth_quintic_insufficient_points" time="0.000" /><testcase classname="tests._src.util.test_trajectory.TestLinearSmooth" name="test_linear_smooth_with_custom_y" time="0.000" /><testcase classname="tests._src.util.test_trajectory.TestLinearSmooth" name="test_linear_smooth_with_opt_dt" time="0.000" /><testcase classname="tests._src.util.test_trajectory.TestLinearSmooth" name="test_linear_smooth_quartic_raises" time="0.000" /><testcase classname="tests._src.util.test_trajectory.TestGetCpuLinearInterpolation" name="test_get_cpu_linear_interpolation_linear" time="0.047" /><testcase classname="tests._src.util.test_trajectory.TestGetCpuLinearInterpolation" name="test_get_cpu_linear_interpolation_cubic" time="0.004" /><testcase classname="tests._src.util.test_trajectory.TestGetCpuLinearInterpolation" name="test_get_cpu_linear_interpolation_quintic" time="0.004" /><testcase classname="tests._src.util.test_trajectory.TestGetBatchInterpolatedTrajectory" name="test_linear_cuda_interpolation" time="0.007" /><testcase classname="tests._src.util.test_trajectory.TestGetBatchInterpolatedTrajectory" name="test_linear_interpolation" time="0.004" /><testcase classname="tests._src.util.test_trajectory.TestGetBatchInterpolatedTrajectory" name="test_cubic_interpolation" time="0.003" /><testcase classname="tests._src.util.test_trajectory.TestGetBatchInterpolatedTrajectory" name="test_quartic_interpolation" time="0.003" /><testcase classname="tests._src.util.test_trajectory.TestGetBatchInterpolatedTrajectory" name="test_quintic_interpolation" time="0.003" /><testcase classname="tests._src.util.test_trajectory.TestGetBatchInterpolatedTrajectory" name="test_2d_trajectory_cpu" time="0.002" /><testcase classname="tests._src.util.test_trajectory.TestGetBatchInterpolatedTrajectory" name="test_2d_output_buffer_cpu" time="0.003" /><testcase classname="tests._src.util.test_trajectory.TestGetBatchInterpolatedTrajectory" name="test_2d_trajectory_cuda" time="0.002" /><testcase classname="tests._src.util.test_trajectory.TestGetBatchInterpolatedTrajectory" name="test_with_provided_output_buffer" time="0.002" /><testcase classname="tests._src.util.test_trajectory.TestGetBatchInterpolatedTrajectory" name="test_with_small_output_buffer" time="0.005" /><testcase classname="tests._src.util.test_trajectory.TestGetBatchInterpolatedTrajectory" name="test_2d_output_buffer_cuda" time="0.002" /><testcase classname="tests._src.util.test_trajectory.TestGetBatchInterpolatedTrajectory" name="test_steps_max_too_large_error" time="0.001" /><testcase classname="tests._src.util.test_trajectory.TestGetBatchInterpolatedTrajectory" name="test_steps_max_too_small_error" time="0.005" /><testcase classname="tests._src.util.test_trajectory.TestGetBatchInterpolatedTrajectory" name="test_unknown_interpolation_type" time="0.001" /><testcase classname="tests._src.util.test_trajectory.TestGetInterpolatedTrajectory" name="test_get_interpolated_trajectory_linear" time="0.001" /><testcase classname="tests._src.util.test_trajectory.TestGetInterpolatedTrajectory" name="test_get_interpolated_trajectory_cubic" time="0.001" /><testcase classname="tests._src.util.test_trajectory.TestGetInterpolatedTrajectory" name="test_get_interpolated_trajectory_quintic" time="0.001" /><testcase classname="tests._src.util.test_trajectory.TestGetInterpolatedTrajectory" name="test_get_interpolated_trajectory_short_trajectory" time="0.001" /><testcase classname="tests._src.util.test_trajectory.TestGetInterpolatedTrajectory" name="test_get_interpolated_trajectory_no_des_horizon" time="0.001" /><testcase classname="tests._src.util.test_trajectory.TestGetInterpolatedTrajectory" name="test_get_interpolated_trajectory_with_max_joint_velocity" time="0.001" /><testcase classname="tests._src.util.test_trajectory.TestGetInterpolatedTrajectory" name="test_get_interpolated_trajectory_unsupported_type" time="0.000" /><testcase classname="tests._src.util.test_trajectory.TestBSplineInterpolation" name="test_bspline_knots_cuda_without_control_space" time="0.001" /><testcase classname="tests._src.util.test_trajectory.TestBSplineInterpolation" name="test_bspline_knots_cuda_with_control_space" time="0.022" /><testcase classname="tests._src.util.test_trajectory_execution_manager.TestTrajectoryExecutionManager" name="test_initialization" time="0.000" /><testcase classname="tests._src.util.test_trajectory_execution_manager.TestTrajectoryExecutionManager" name="test_update_state_action_buffers" time="0.051" /><testcase classname="tests._src.util.test_trajectory_execution_manager.TestTrajectoryExecutionManager" name="test_get_next_command" time="0.001" /><testcase classname="tests._src.util.test_trajectory_execution_manager.TestTrajectoryExecutionManager" name="test_get_next_command_with_command_start_idx" time="0.000" /><testcase classname="tests._src.util.test_trajectory_execution_manager.TestTrajectoryExecutionManager" name="test_has_valid_next_command" time="0.000" /><testcase classname="tests._src.util.test_trajectory_execution_manager.TestTrajectoryExecutionManager" name="test_has_valiaction_dim_buffer" time="0.000" /><testcase classname="tests._src.util.test_trajectory_execution_manager.TestTrajectoryExecutionManager" name="test_get_action_buffer" time="0.001" /><testcase classname="tests._src.util.test_trajectory_execution_manager.TestTrajectoryExecutionManager" name="test_get_action_buffer_two_steps" time="0.001" /><testcase classname="tests._src.util.test_trajectory_execution_manager.TestTrajectoryExecutionManager" name="test_update_multiple_times" time="0.001" /><testcase classname="tests._src.util.test_trajectory_execution_manager.TestTrajectoryExecutionManager" name="test_get_action_buffer_with_larger_action_trajectory" time="0.001" /><testcase classname="tests._src.util.test_trajectory_execution_manager.TestTrajectoryExecutionManager" name="test_get_next_command_error" time="0.000" /><testcase classname="tests._src.util.test_trajectory_execution_manager.TestTrajectoryExecutionManager" name="test_get_action_buffer_error" time="0.000" /><testcase classname="tests._src.util.test_trajectory_execution_manager.TestTrajectoryExecutionManager" name="test_get_shifteaction_dim_buffer_error" time="0.000" /><testcase classname="tests._src.util.test_trajectory_execution_manager.TestTrajectoryExecutionManager" name="test_get_current_metrics" time="0.000" /><testcase classname="tests._src.util.test_trajectory_execution_manager.TestTrajectoryExecutionManager" name="test_update_robot_state_trajectory" time="0.000" /><testcase classname="tests._src.util.test_trajectory_execution_manager.TestTrajectoryExecutionManager" name="test_get_command_sequence" time="0.000" /><testcase classname="tests._src.util.test_trajectory_execution_manager.TestTrajectoryExecutionManager" name="test_get_command_sequence_with_command_start_idx" time="0.000" /><testcase classname="tests._src.util.test_trajectory_execution_manager.TestTrajectoryExecutionManager" name="test_get_robot_state_sequence" time="0.000" /><testcase classname="tests._src.util.test_trajectory_execution_manager.TestTrajectoryExecutionManager" name="test_get_robot_state_sequence_error" time="0.000" /><testcase classname="tests._src.util.test_trajectory_execution_manager.TestTrajectoryExecutionManager" name="test_has_valid_robot_state_trajectory" time="0.000" /><testcase classname="tests._src.util.test_trajectory_execution_manager.TestTrajectoryExecutionManager" name="test_get_shifteaction_dim_buffer_out_of_bounds" time="0.000" /><testcase classname="tests._src.util.test_trajectory_execution_manager.TestTrajectoryExecutionManager" name="test_update_action_buffer" time="0.000" /><testcase classname="tests._src.util.test_trajectory_seed_generator.TestInitialization" name="test_initialization" time="0.048" /><testcase classname="tests._src.util.test_trajectory_seed_generator.TestInterpolation" name="test_interpolate_trajectory" time="0.004" /><testcase classname="tests._src.util.test_trajectory_seed_generator.TestInterpolation" name="test_generate_interpolated_seeds" time="0.004" /><testcase classname="tests._src.util.test_trajectory_seed_generator.TestConstantSeeds" name="test_generate_constant_seeds" time="0.181" /><testcase classname="tests._src.util.test_trajectory_seed_generator.TestInputValidation" name="test_invalid_num_seeds[0]" time="0.000" /><testcase classname="tests._src.util.test_trajectory_seed_generator.TestInputValidation" name="test_invalid_num_seeds[-1]" time="0.000" /><testcase classname="tests._src.util.test_trajectory_seed_generator.TestInputValidation" name="test_invalid_dimensions" time="0.003" /><testcase classname="tests._src.util.test_trajectory_seed_generator.TestInputValidation" name="test_wrong_tensor_ndim" time="0.000" /><testcase classname="tests._src.util.test_trajectory_seed_generator.TestDecelerationSeeds" name="test_generate_deceleration_seeds_basic" time="0.087" /><testcase classname="tests._src.util.test_trajectory_seed_generator.TestDecelerationSeeds" name="test_generate_deceleration_seeds_linear_profile" time="0.002" /><testcase classname="tests._src.util.test_trajectory_seed_generator.TestDecelerationSeeds" name="test_generate_deceleration_seeds_smooth_profile" time="0.002" /><testcase classname="tests._src.util.test_trajectory_seed_generator.TestDecelerationSeeds" name="test_generate_deceleration_seeds_zero_velocity" time="0.027" /><testcase classname="tests._src.util.test_trajectory_seed_generator.TestDecelerationSeeds" name="test_generate_deceleration_seeds_no_velocity_attribute" time="0.001" /><testcase classname="tests._src.util.test_trajectory_seed_generator.TestDecelerationSeeds" name="test_deceleration_invalid_inputs" time="0.001" /><testcase classname="tests._src.util.test_trajectory_seed_generator.TestDecelerationProfiles" name="test_linear_deceleration_profile" time="0.002" /><testcase classname="tests._src.util.test_trajectory_seed_generator.TestDecelerationProfiles" name="test_linear_deceleration_profile_empty" time="0.000" /><testcase classname="tests._src.util.test_trajectory_seed_generator.TestDecelerationProfiles" name="test_exponential_deceleration_profile" time="0.002" /><testcase classname="tests._src.util.test_trajectory_seed_generator.TestDecelerationProfiles" name="test_exponential_deceleration_profile_empty" time="0.000" /><testcase classname="tests._src.util.test_trajectory_seed_generator.TestDecelerationProfiles" name="test_smooth_deceleration_profile" time="0.002" /><testcase classname="tests._src.util.test_trajectory_seed_generator.TestDecelerationProfiles" name="test_smooth_deceleration_profile_empty" time="0.000" /><testcase classname="tests._src.util.test_trajectory_seed_generator.TestAccelerationProfileGeneration" name="test_deceleration_acceleration_profile_linear" time="0.054" /><testcase classname="tests._src.util.test_trajectory_seed_generator.TestAccelerationProfileGeneration" name="test_deceleration_acceleration_profile_exponential" time="0.001" /><testcase classname="tests._src.util.test_trajectory_seed_generator.TestAccelerationProfileGeneration" name="test_deceleration_acceleration_profile_smooth" time="0.001" /><testcase classname="tests._src.util.test_trajectory_seed_generator.TestAccelerationProfileGeneration" name="test_deceleration_acceleration_profile_unknown" time="0.001" /><testcase classname="tests._src.util.test_trajectory_seed_generator.TestAccelerationProfileGeneration" name="test_deceleration_acceleration_profile_zero_velocity" time="0.001" /><testcase classname="tests._src.util.test_trajectory_seed_generator.TestAccelerationProfileGeneration" name="test_deceleration_acceleration_profile_with_existing_decel" time="0.001" /><testcase classname="tests._src.util.test_trajectory_seed_generator.TestTrajectoryIntegration" name="test_integrate_acceleration_to_trajectory" time="0.004" /><testcase classname="tests._src.util.test_trajectory_seed_generator.TestTrajectoryIntegration" name="test_integrate_acceleration_zero_velocity" time="0.005" /><testcase classname="tests._src.util.test_trajectory_seed_generator.TestTrajectoryIntegration" name="test_integrate_acceleration_velocity_reversal" time="0.044" /><testcase classname="tests._src.util.test_viser_visualizer.TestViserVisualizer" name="test_init_without_robot" time="0.001" /><testcase classname="tests._src.util.test_viser_visualizer.TestViserVisualizer" name="test_init_with_robot_requires_content_path" time="0.001" /><testcase classname="tests._src.util.test_viser_visualizer.TestViserVisualizer" name="test_init_with_robot_from_yaml" time="0.173" /><testcase classname="tests._src.util.test_viser_visualizer.TestViserVisualizer" name="test_joint_names_property" time="0.061" /><testcase classname="tests._src.util.test_viser_visualizer.TestViserVisualizer" name="test_file_name_handler" time="0.000" /><testcase classname="tests._src.util.test_viser_visualizer.TestViserVisualizer" name="test_set_joint_positions" time="0.062" /><testcase classname="tests._src.util.test_viser_visualizer.TestViserVisualizer" name="test_set_joint_state" time="0.057" /><testcase classname="tests._src.util.test_viser_visualizer.TestViserVisualizer" name="test_reset_robot" time="0.055" /><testcase classname="tests._src.util.test_viser_visualizer.TestViserVisualizer" name="test_add_frame" time="0.001" /><testcase classname="tests._src.util.test_viser_visualizer.TestViserVisualizer" name="test_add_batched_frames" time="0.001" /><testcase classname="tests._src.util.test_viser_visualizer.TestViserVisualizer" name="test_add_control_frame" time="0.001" /><testcase classname="tests._src.util.test_viser_visualizer.TestViserVisualizer" name="test_get_control_frame_pose" time="0.075" /><testcase classname="tests._src.util.test_viser_visualizer.TestViserVisualizer" name="test_add_sphere" time="0.001" /><testcase classname="tests._src.util.test_viser_visualizer.TestViserVisualizer" name="test_add_sphere_invalid_type" time="0.001" /><testcase classname="tests._src.util.test_viser_visualizer.TestViserVisualizer" name="test_add_batched_spheres" time="0.001" /><testcase classname="tests._src.util.test_viser_visualizer.TestViserVisualizer" name="test_add_batched_spheres_from_position" time="0.001" /><testcase classname="tests._src.util.test_viser_visualizer.TestViserVisualizer" name="test_add_line_segments" time="0.001" /><testcase classname="tests._src.util.test_viser_visualizer.TestViserVisualizer" name="test_add_mesh" time="0.001" /><testcase classname="tests._src.util.test_viser_visualizer.TestViserVisualizer" name="test_add_mesh_invalid_type" time="0.000" /><testcase classname="tests._src.util.test_viser_visualizer.TestViserVisualizer" name="test_add_point_cloud" time="0.001" /><testcase classname="tests._src.util.test_viser_visualizer.TestViserVisualizer" name="test_add_image" time="0.002" /><testcase classname="tests._src.util.test_viser_visualizer.TestViserVisualizer" name="test_add_scene" time="0.001" /><testcase classname="tests._src.util.test_viser_visualizer.TestViserVisualizer" name="test_update_robot_spheres" time="0.064" /><testcase classname="tests._src.util.test_viser_visualizer.TestViserVisualizer" name="test_visualize_robot_spheres_enabled" time="0.074" /><testcase classname="tests._src.util.test_viser_visualizer.TestViserVisualizer" name="test_visualize_collision_meshes_enabled" time="0.055" /><testcase classname="tests._src.util.test_warp.TestWarp" name="test_init_warp" time="0.085" /><testcase classname="tests._src.util.test_warp.TestWarp" name="test_warp_support_sdf_struct" time="0.000" /><testcase classname="tests._src.util.test_warp.TestWarp" name="test_warp_support_kernel_key" time="0.000" /><testcase classname="tests._src.util.test_warp.TestWarp" name="test_warp_support_bvh_constructor_type" time="0.000" /><testcase classname="tests._src.util.test_warp.TestWarp" name="test_warp_support_sdf_struct_with_old_version" time="0.000" /><testcase classname="tests._src.util.test_warp.TestWarp" name="test_warp_support_kernel_key_with_old_version" time="0.000" /><testcase classname="tests._src.util.test_warp.TestWarp" name="test_warp_support_bvh_constructor_type_with_old_version" time="0.000" /><testcase classname="tests.test_examples" name="test_example[forward_kinematics]" time="1.562" /><testcase classname="tests.test_examples" name="test_example[inverse_kinematics]" time="1.706" /><testcase classname="tests.test_examples" name="test_example[motion_planning]" time="2.236" /><testcase classname="tests.test_examples" name="test_example[reactive_control]" time="1.722" /><testcase classname="tests.test_examples" name="test_example[build_robot_model]" time="1.413" /></testsuite></testsuites>